#
# A fatal error has been detected by the Java Runtime Environment:
#
#  SIGSEGV (0xb) at pc=0x00007fe88292c9f3, pid=12439, tid=140635983120128
#
# JRE version: Java(TM) SE Runtime Environment (8.0_74-b02) (build 1.8.0_74-b02)
# Java VM: Java HotSpot(TM) 64-Bit Server VM (25.74-b02 mixed mode linux-amd64 compressed oops)
# Problematic frame:
# V  [libjvm.so+0x7889f3]  JvmtiEnv::GetClassMethods(oopDesc*, int*, _jmethodID***)+0x2f3
#
# Failed to write core dump. Core dumps have been disabled. To enable core dumping, try "ulimit -c unlimited" before starting Java again
#
# If you would like to submit a bug report, please visit:
#   http://bugreport.java.com/bugreport/crash.jsp
#

---------------  T H R E A D  ---------------

Current thread (0x00007fe87c0cc800):  JavaThread "JDWP Transport Listener: dt_socket" daemon [_thread_in_vm, id=12459, stack(0x00007fe85dc10000,0x00007fe85dd11000)]

siginfo: si_signo: 11 (SIGSEGV), si_code: 1 (SEGV_MAPERR), si_addr: 0x00007fe440003a90

Registers:
RAX=0xffffffff80000000, RBX=0x00007fe87c0cd530, RCX=0x00007fe87c00d700, RDX=0x00007fe840003a90
RSP=0x00007fe85dd0f620, RBP=0x00007fe85dd0f710, RSI=0x0000000000000001, RDI=0x0000000000000001
R8 =0x00007fe87c0cd530, R9 =0x0000000000000000, R10=0x0000000000000001, R11=0x00007fe840005db8
R12=0x00007fe87c008fb0, R13=0x00007fe7eae7d4b0, R14=0x00000007c0060028, R15=0x00007fe85dd0f7e0
RIP=0x00007fe88292c9f3, EFLAGS=0x0000000000010246, CSGSFS=0x0000000000000033, ERR=0x0000000000000006
  TRAPNO=0x000000000000000e

Top of Stack: (sp=0x00007fe85dd0f620)
0x00007fe85dd0f620:   00007fe87c0be980 00007fe85dd0f6d0
0x00007fe85dd0f630:   00007fe87c0c4b50 00007fe85dd0f680
0x00007fe85dd0f640:   00007fe85dd0f7d0 00000008828881ea
0x00007fe85dd0f650:   00007fe840003a90 8000000000000006
0x00007fe85dd0f660:   00007fe87c0cc800 00007fe87c0be980
0x00007fe85dd0f670:   00007fe87c0cc9f8 00007fe881857e40
0x00007fe85dd0f680:   00007fe87c0cc800 00007fe87c0c56d0
0x00007fe85dd0f690:   00007fe87c0c5710 00007fe87c0c5720
0x00007fe85dd0f6a0:   00007fe87c0c57f8 00000000000000d8
0x00007fe85dd0f6b0:   00007fe85dd0fad0 00007fe88286e1bc
0x00007fe85dd0f6c0:   00007fe87c0c4b50 00007fe881857e40
0x00007fe85dd0f6d0:   00007fe7eae7d4b0 00007fe87c0cc800
0x00007fe85dd0f6e0:   00007fe85dd0f730 000000070501cd08
0x00007fe85dd0f6f0:   00007fe87c008fb0 0000000000000074
0x00007fe85dd0f700:   00007fe87c0cc800 00007fe85dd0f7d0
0x00007fe85dd0f710:   00007fe85dd0f780 00007fe8828dec50
0x00007fe85dd0f720:   00007fe85dd0f730 00007fe85dd0f7e0
0x00007fe85dd0f730:   00007fe87c0cc800 0000000000000000
0x00007fe85dd0f740:   00007fe800000000 0000000000000000
0x00007fe85dd0f750:   00000000000f0200 00007fe881857e40
0x00007fe85dd0f760:   00007fe85dd0f850 00007fe87c0c4b50
0x00007fe85dd0f770:   00000000000f0200 000000000000000f
0x00007fe85dd0f780:   00007fe85dd0f810 00007fe88162496e
0x00007fe85dd0f790:   0000000000000073 00007fe8829226b9
0x00007fe85dd0f7a0:   00007fe85dd0f7e0 00007fe8828e09c3
0x00007fe85dd0f7b0:   0000000140019300 00007fe840017460
0x00007fe85dd0f7c0:   00007fe85dd0f7f0 00007fe88162aba0
0x00007fe85dd0f7d0:   0000000000000000 00007fe85dd0f850
0x00007fe85dd0f7e0:   0000000000000000 0000000000000002
0x00007fe85dd0f7f0:   000000000000000f 0000000000000002
0x00007fe85dd0f800:   00000000000f0200 000000000000000f
0x00007fe85dd0f810:   00007fe85dd0fa60 00007fe88162f9c6 

Instructions: (pc=0x00007fe88292c9f3)
0x00007fe88292c9d3:   41 8b 00 48 83 c6 08 39 c7 7c e2 44 8d 48 ff 45
0x00007fe88292c9e3:   89 08 48 63 85 4c ff ff ff 48 8b 95 40 ff ff ff
0x00007fe88292c9f3:   4c 89 1c c2 83 85 48 ff ff ff 01 8b 85 3c ff ff
0x00007fe88292ca03:   ff 39 85 48 ff ff ff 0f 8c e1 fd ff ff 8b 85 3c 

Register to memory mapping:

RAX=0xffffffff80000000 is an unknown value
RBX=0x00007fe87c0cd530 is an unknown value
RCX=0x00007fe87c00d700 is an unknown value
RDX=0x00007fe840003a90 is an unknown value
RSP=0x00007fe85dd0f620 is pointing into the stack for thread: 0x00007fe87c0cc800
RBP=0x00007fe85dd0f710 is pointing into the stack for thread: 0x00007fe87c0cc800
RSI=0x0000000000000001 is an unknown value
RDI=0x0000000000000001 is an unknown value
R8 =0x00007fe87c0cd530 is an unknown value
R9 =0x0000000000000000 is an unknown value
R10=0x0000000000000001 is an unknown value
R11=0x00007fe840005db8 is an unknown value
R12=0x00007fe87c008fb0 is an unknown value
R13={method} {0x00007fe7eae7d4b0} 'main' '([Ljava/lang/String;)V' in 'AggregateTest'
R14=0x00000007c0060028 is pointing into metadata
R15=0x00007fe85dd0f7e0 is pointing into the stack for thread: 0x00007fe87c0cc800


Stack: [0x00007fe85dc10000,0x00007fe85dd11000],  sp=0x00007fe85dd0f620,  free space=1021k
Native frames: (J=compiled Java code, j=interpreted, Vv=VM code, C=native code)
V  [libjvm.so+0x7889f3]  JvmtiEnv::GetClassMethods(oopDesc*, int*, _jmethodID***)+0x2f3
V  [libjvm.so+0x73ac50]  jvmti_GetClassMethods+0x290
C  [libjdwp.so+0x696e]  methods1+0x7e
C  [libjdwp.so+0x119c6]  debugLoop_run+0x2b6
C  [libjdwp.so+0x247ff]  attachThread+0x2f
V  [libjvm.so+0x7a3432]  JvmtiAgentThread::call_start_function()+0xc2
V  [libjvm.so+0xa69dcf]  JavaThread::thread_main_inner()+0xdf
V  [libjvm.so+0xa69efc]  JavaThread::run()+0x11c
V  [libjvm.so+0x91d9d8]  java_start(Thread*)+0x108
C  [libpthread.so.0+0x76ba]  start_thread+0xca


---------------  P R O C E S S  ---------------

Java Threads: ( => current thread )
  0x00007fe80c007000 JavaThread "task-result-getter-1" daemon [_thread_blocked, id=12516, stack(0x00007fe7ea9e9000,0x00007fe7eaaea000)]
  0x00007fe80c004000 JavaThread "task-result-getter-0" daemon [_thread_blocked, id=12515, stack(0x00007fe7eaaea000,0x00007fe7eabeb000)]
  0x00007fe814053800 JavaThread "Executor task launch worker-0" daemon [_thread_blocked, id=12514, stack(0x00007fe7eabeb000,0x00007fe7eacec000)]
  0x00007fe87d08a000 JavaThread "SparkListenerBus" daemon [_thread_blocked, id=12512, stack(0x00007fe7eb4f9000,0x00007fe7eb5fa000)]
  0x00007fe87d086000 JavaThread "context-cleaner-periodic-gc" daemon [_thread_blocked, id=12511, stack(0x00007fe7eb5fa000,0x00007fe7eb6fb000)]
  0x00007fe87d084800 JavaThread "Spark Context Cleaner" daemon [_thread_blocked, id=12510, stack(0x00007fe7eb6fb000,0x00007fe7eb7fc000)]
  0x00007fe87cf55800 JavaThread "shuffle-server-5-1" daemon [_thread_blocked, id=12509, stack(0x00007fe7eb9fc000,0x00007fe7ebafd000)]
  0x00007fe87cf4f800 JavaThread "driver-heartbeater" daemon [_thread_blocked, id=12508, stack(0x00007fe7ebafd000,0x00007fe7ebbfe000)]
  0x00007fe87cf3c000 JavaThread "dag-scheduler-event-loop" daemon [_thread_blocked, id=12507, stack(0x00007fe7ebbfe000,0x00007fe7ebcff000)]
  0x00007fe7fc00c800 JavaThread "netty-rpc-env-timeout" daemon [_thread_blocked, id=12506, stack(0x00007fe7ebeff000,0x00007fe7ec000000)]
  0x00007fe87cf0e800 JavaThread "Timer-0" daemon [_thread_blocked, id=12505, stack(0x00007fe850057000,0x00007fe850158000)]
  0x00007fe814008800 JavaThread "heartbeat-receiver-event-loop-thread" daemon [_thread_blocked, id=12504, stack(0x00007fe850158000,0x00007fe850259000)]
  0x00007fe87ceba800 JavaThread "SparkUI-43" daemon [_thread_blocked, id=12503, stack(0x00007fe850259000,0x00007fe85035a000)]
  0x00007fe87ceb8800 JavaThread "SparkUI-42" daemon [_thread_blocked, id=12502, stack(0x00007fe85035a000,0x00007fe85045b000)]
  0x00007fe87ceb7000 JavaThread "SparkUI-41" daemon [_thread_blocked, id=12501, stack(0x00007fe85045b000,0x00007fe85055c000)]
  0x00007fe87ceb5000 JavaThread "SparkUI-40" daemon [_thread_blocked, id=12500, stack(0x00007fe85055c000,0x00007fe85065d000)]
  0x00007fe87ceb3800 JavaThread "SparkUI-39-acceptor-0@7d110709-ServerConnector@73d6f6db{HTTP/1.1}{0.0.0.0:4040}" daemon [_thread_in_native, id=12499, stack(0x00007fe85065d000,0x00007fe85075e000)]
  0x00007fe87ceb2000 JavaThread "SparkUI-38-selector-ServerConnectorManager@61e4c7f2/1" daemon [_thread_in_native, id=12498, stack(0x00007fe85075e000,0x00007fe85085f000)]
  0x00007fe87cead800 JavaThread "SparkUI-37" daemon [_thread_blocked, id=12497, stack(0x00007fe85085f000,0x00007fe850960000)]
  0x00007fe87ceab800 JavaThread "SparkUI-36-selector-ServerConnectorManager@61e4c7f2/0" daemon [_thread_in_native, id=12496, stack(0x00007fe850960000,0x00007fe850a61000)]
  0x00007fe87cd9e800 JavaThread "map-output-dispatcher-7" daemon [_thread_blocked, id=12494, stack(0x00007fe850c61000,0x00007fe850d62000)]
  0x00007fe87cd9d000 JavaThread "map-output-dispatcher-6" daemon [_thread_blocked, id=12493, stack(0x00007fe850d62000,0x00007fe850e63000)]
  0x00007fe87cd9b000 JavaThread "map-output-dispatcher-5" daemon [_thread_blocked, id=12492, stack(0x00007fe850e63000,0x00007fe850f64000)]
  0x00007fe87cd99800 JavaThread "map-output-dispatcher-4" daemon [_thread_blocked, id=12491, stack(0x00007fe850f64000,0x00007fe851065000)]
  0x00007fe87cd97800 JavaThread "map-output-dispatcher-3" daemon [_thread_blocked, id=12490, stack(0x00007fe851065000,0x00007fe851166000)]
  0x00007fe87cd96000 JavaThread "map-output-dispatcher-2" daemon [_thread_blocked, id=12489, stack(0x00007fe851166000,0x00007fe851267000)]
  0x00007fe87cd94800 JavaThread "map-output-dispatcher-1" daemon [_thread_blocked, id=12488, stack(0x00007fe851267000,0x00007fe851368000)]
  0x00007fe87cd93800 JavaThread "map-output-dispatcher-0" daemon [_thread_blocked, id=12487, stack(0x00007fe851368000,0x00007fe851469000)]
  0x00007fe87c12a000 JavaThread "shuffle-server-3-1" daemon [_thread_blocked, id=12486, stack(0x00007fe851469000,0x00007fe85156a000)]
  0x00007fe87cbb4800 JavaThread "dispatcher-event-loop-3" daemon [_thread_blocked, id=12485, stack(0x00007fe851b7b000,0x00007fe851c7c000)]
  0x00007fe87cbb3000 JavaThread "dispatcher-event-loop-2" daemon [_thread_blocked, id=12484, stack(0x00007fe851c7c000,0x00007fe851d7d000)]
  0x00007fe87cbb1800 JavaThread "dispatcher-event-loop-1" daemon [_thread_blocked, id=12483, stack(0x00007fe851d7d000,0x00007fe851e7e000)]
  0x00007fe87cbb0800 JavaThread "dispatcher-event-loop-0" daemon [_thread_blocked, id=12482, stack(0x00007fe851e7e000,0x00007fe851f7f000)]
  0x00007fe87c0f4800 JavaThread "Service Thread" daemon [_thread_blocked, id=12468, stack(0x00007fe85d60a000,0x00007fe85d70b000)]
  0x00007fe87c0d7000 JavaThread "C1 CompilerThread2" daemon [_thread_blocked, id=12467, stack(0x00007fe85d70b000,0x00007fe85d80c000)]
  0x00007fe87c0d5000 JavaThread "C2 CompilerThread1" daemon [_thread_blocked, id=12466, stack(0x00007fe85d80c000,0x00007fe85d90d000)]
  0x00007fe87c0d2800 JavaThread "C2 CompilerThread0" daemon [_thread_blocked, id=12465, stack(0x00007fe85d90d000,0x00007fe85da0e000)]
  0x00007fe840001000 JavaThread "JDWP Command Reader" daemon [_thread_in_native, id=12463, stack(0x00007fe85da0e000,0x00007fe85db0f000)]
  0x00007fe87c0d0000 JavaThread "JDWP Event Helper Thread" daemon [_thread_blocked, id=12460, stack(0x00007fe85db0f000,0x00007fe85dc10000)]
=>0x00007fe87c0cc800 JavaThread "JDWP Transport Listener: dt_socket" daemon [_thread_in_vm, id=12459, stack(0x00007fe85dc10000,0x00007fe85dd11000)]
  0x00007fe87c0bd800 JavaThread "Signal Dispatcher" daemon [_thread_blocked, id=12455, stack(0x00007fe85df15000,0x00007fe85e016000)]
  0x00007fe87c08b800 JavaThread "Finalizer" daemon [_thread_blocked, id=12447, stack(0x00007fe85e016000,0x00007fe85e117000)]
  0x00007fe87c087000 JavaThread "Reference Handler" daemon [_thread_blocked, id=12446, stack(0x00007fe85e117000,0x00007fe85e218000)]
  0x00007fe87c011800 JavaThread "main" [_thread_blocked, id=12440, stack(0x00007fe883c7f000,0x00007fe883d80000)]

Other Threads:
  0x00007fe87c07f800 VMThread [stack: 0x00007fe85e218000,0x00007fe85e319000] [id=12445]
  0x00007fe87c0f8000 WatcherThread [stack: 0x00007fe85d509000,0x00007fe85d60a000] [id=12470]

VM state:not at safepoint (normal execution)

VM Mutex/Monitor currently owned by a thread: None

Heap:
 PSYoungGen      total 202240K, used 23011K [0x0000000781b00000, 0x0000000796680000, 0x00000007c0000000)
  eden space 194560K, 11% used [0x0000000781b00000,0x0000000783178e40,0x000000078d900000)
  from space 7680K, 0% used [0x000000078d900000,0x000000078d900000,0x000000078e080000)
  to   space 11264K, 0% used [0x0000000795b80000,0x0000000795b80000,0x0000000796680000)
 ParOldGen       total 79872K, used 10445K [0x0000000705000000, 0x0000000709e00000, 0x0000000781b00000)
  object space 79872K, 13% used [0x0000000705000000,0x0000000705a33628,0x0000000709e00000)
 Metaspace       used 35625K, capacity 36030K, committed 36312K, reserved 1079296K
  class space    used 5614K, capacity 5732K, committed 5760K, reserved 1048576K

Card table byte_map: [0x00007fe86ca27000,0x00007fe86d000000] byte_map_base: 0x00007fe8691ff000

Marking Bits: (ParMarkBitMap*) 0x00007fe883159260
 Begin Bits: [0x00007fe852280000, 0x00007fe855140000)
 End Bits:   [0x00007fe855140000, 0x00007fe858000000)

Polling page: 0x00007fe883da6000

CodeCache: size=245760Kb used=5909Kb max_used=6697Kb free=239851Kb
 bounds [0x00007fe86d000000, 0x00007fe86d690000, 0x00007fe87c000000]
 total_blobs=2292 nmethods=1796 adapters=417
 compilation: enabled

Compilation events (10 events):
Event: 7.042 Thread 0x00007fe87c0d7000 2030       3       java.lang.Integer::hashCode (8 bytes)
Event: 7.042 Thread 0x00007fe87c0d7000 nmethod 2030 0x00007fe86d24a450 code [0x00007fe86d24a5c0, 0x00007fe86d24a770]
Event: 7.042 Thread 0x00007fe87c0d7000 2031       3       java.lang.Integer::hashCode (2 bytes)
Event: 7.043 Thread 0x00007fe87c0d7000 nmethod 2031 0x00007fe86d24a150 code [0x00007fe86d24a2a0, 0x00007fe86d24a3d0]
Event: 7.043 Thread 0x00007fe87c0d7000 2032       1       scala.collection.mutable.DefaultEntry::next (5 bytes)
Event: 7.043 Thread 0x00007fe87c0d7000 nmethod 2032 0x00007fe86d249e90 code [0x00007fe86d249fe0, 0x00007fe86d24a0f0]
Event: 12.435 Thread 0x00007fe87c0d7000 2034       3       java.lang.StringBuilder::append (6 bytes)
Event: 12.435 Thread 0x00007fe87c0d7000 nmethod 2034 0x00007fe86d306490 code [0x00007fe86d306600, 0x00007fe86d306888]
Event: 12.435 Thread 0x00007fe87c0d7000 2035       3       java.lang.StringBuilder::append (8 bytes)
Event: 12.435 Thread 0x00007fe87c0d7000 nmethod 2035 0x00007fe86d3060d0 code [0x00007fe86d306240, 0x00007fe86d3063e8]

GC Heap History (10 events):
Event: 1.863 GC heap before
{Heap before GC invocations=3 (full 0):
 PSYoungGen      total 104960K, used 20914K [0x0000000781b00000, 0x0000000788900000, 0x00000007c0000000)
  eden space 97280K, 13% used [0x0000000781b00000,0x00000007827eec80,0x0000000787a00000)
  from space 7680K, 99% used [0x0000000788180000,0x00000007888fdda0,0x0000000788900000)
  to   space 7680K, 0% used [0x0000000787a00000,0x0000000787a00000,0x0000000788180000)
 ParOldGen       total 128512K, used 715K [0x0000000705000000, 0x000000070cd80000, 0x0000000781b00000)
  object space 128512K, 0% used [0x0000000705000000,0x00000007050b2d98,0x000000070cd80000)
 Metaspace       used 21040K, capacity 21206K, committed 21248K, reserved 1067008K
  class space    used 2996K, capacity 3059K, committed 3072K, reserved 1048576K
Event: 1.899 GC heap after
Heap after GC invocations=3 (full 0):
 PSYoungGen      total 104960K, used 5617K [0x0000000781b00000, 0x000000078e800000, 0x00000007c0000000)
  eden space 97280K, 0% used [0x0000000781b00000,0x0000000781b00000,0x0000000787a00000)
  from space 7680K, 73% used [0x0000000787a00000,0x0000000787f7c4c8,0x0000000788180000)
  to   space 7680K, 0% used [0x000000078e080000,0x000000078e080000,0x000000078e800000)
 ParOldGen       total 128512K, used 723K [0x0000000705000000, 0x000000070cd80000, 0x0000000781b00000)
  object space 128512K, 0% used [0x0000000705000000,0x00000007050b4d98,0x000000070cd80000)
 Metaspace       used 21040K, capacity 21206K, committed 21248K, reserved 1067008K
  class space    used 2996K, capacity 3059K, committed 3072K, reserved 1048576K
}
Event: 1.899 GC heap before
{Heap before GC invocations=4 (full 1):
 PSYoungGen      total 104960K, used 5617K [0x0000000781b00000, 0x000000078e800000, 0x00000007c0000000)
  eden space 97280K, 0% used [0x0000000781b00000,0x0000000781b00000,0x0000000787a00000)
  from space 7680K, 73% used [0x0000000787a00000,0x0000000787f7c4c8,0x0000000788180000)
  to   space 7680K, 0% used [0x000000078e080000,0x000000078e080000,0x000000078e800000)
 ParOldGen       total 128512K, used 723K [0x0000000705000000, 0x000000070cd80000, 0x0000000781b00000)
  object space 128512K, 0% used [0x0000000705000000,0x00000007050b4d98,0x000000070cd80000)
 Metaspace       used 21040K, capacity 21206K, committed 21248K, reserved 1067008K
  class space    used 2996K, capacity 3059K, committed 3072K, reserved 1048576K
Event: 1.937 GC heap after
Heap after GC invocations=4 (full 1):
 PSYoungGen      total 104960K, used 0K [0x0000000781b00000, 0x000000078e800000, 0x00000007c0000000)
  eden space 97280K, 0% used [0x0000000781b00000,0x0000000781b00000,0x0000000787a00000)
  from space 7680K, 0% used [0x0000000787a00000,0x0000000787a00000,0x0000000788180000)
  to   space 7680K, 0% used [0x000000078e080000,0x000000078e080000,0x000000078e800000)
 ParOldGen       total 64000K, used 5456K [0x0000000705000000, 0x0000000708e80000, 0x0000000781b00000)
  object space 64000K, 8% used [0x0000000705000000,0x0000000705554270,0x0000000708e80000)
 Metaspace       used 21040K, capacity 21206K, committed 21248K, reserved 1067008K
  class space    used 2996K, capacity 3059K, committed 3072K, reserved 1048576K
}
Event: 2.615 GC heap before
{Heap before GC invocations=5 (full 1):
 PSYoungGen      total 104960K, used 97280K [0x0000000781b00000, 0x000000078e800000, 0x00000007c0000000)
  eden space 97280K, 100% used [0x0000000781b00000,0x0000000787a00000,0x0000000787a00000)
  from space 7680K, 0% used [0x0000000787a00000,0x0000000787a00000,0x0000000788180000)
  to   space 7680K, 0% used [0x000000078e080000,0x000000078e080000,0x000000078e800000)
 ParOldGen       total 64000K, used 5456K [0x0000000705000000, 0x0000000708e80000, 0x0000000781b00000)
  object space 64000K, 8% used [0x0000000705000000,0x0000000705554270,0x0000000708e80000)
 Metaspace       used 30075K, capacity 30360K, committed 30592K, reserved 1075200K
  class space    used 4511K, capacity 4610K, committed 4736K, reserved 1048576K
Event: 2.679 GC heap after
Heap after GC invocations=5 (full 1):
 PSYoungGen      total 185344K, used 7668K [0x0000000781b00000, 0x000000078e800000, 0x00000007c0000000)
  eden space 177664K, 0% used [0x0000000781b00000,0x0000000781b00000,0x000000078c880000)
  from space 7680K, 99% used [0x000000078e080000,0x000000078e7fd2d8,0x000000078e800000)
  to   space 7680K, 0% used [0x000000078d900000,0x000000078d900000,0x000000078e080000)
 ParOldGen       total 64000K, used 7978K [0x0000000705000000, 0x0000000708e80000, 0x0000000781b00000)
  object space 64000K, 12% used [0x0000000705000000,0x00000007057ca8a8,0x0000000708e80000)
 Metaspace       used 30075K, capacity 30360K, committed 30592K, reserved 1075200K
  class space    used 4511K, capacity 4610K, committed 4736K, reserved 1048576K
}
Event: 6.922 GC heap before
{Heap before GC invocations=6 (full 1):
 PSYoungGen      total 185344K, used 45680K [0x0000000781b00000, 0x000000078e800000, 0x00000007c0000000)
  eden space 177664K, 21% used [0x0000000781b00000,0x000000078401f060,0x000000078c880000)
  from space 7680K, 99% used [0x000000078e080000,0x000000078e7fd2d8,0x000000078e800000)
  to   space 7680K, 0% used [0x000000078d900000,0x000000078d900000,0x000000078e080000)
 ParOldGen       total 64000K, used 7978K [0x0000000705000000, 0x0000000708e80000, 0x0000000781b00000)
  object space 64000K, 12% used [0x0000000705000000,0x00000007057ca8a8,0x0000000708e80000)
 Metaspace       used 34978K, capacity 35348K, committed 35416K, reserved 1079296K
  class space    used 5477K, capacity 5597K, committed 5632K, reserved 1048576K
Event: 6.954 GC heap after
Heap after GC invocations=6 (full 1):
 PSYoungGen      total 202240K, used 6737K [0x0000000781b00000, 0x0000000796680000, 0x00000007c0000000)
  eden space 194560K, 0% used [0x0000000781b00000,0x0000000781b00000,0x000000078d900000)
  from space 7680K, 87% used [0x000000078d900000,0x000000078df946f8,0x000000078e080000)
  to   space 11264K, 0% used [0x0000000795b80000,0x0000000795b80000,0x0000000796680000)
 ParOldGen       total 64000K, used 7986K [0x0000000705000000, 0x0000000708e80000, 0x0000000781b00000)
  object space 64000K, 12% used [0x0000000705000000,0x00000007057cc8a8,0x0000000708e80000)
 Metaspace       used 34978K, capacity 35348K, committed 35416K, reserved 1079296K
  class space    used 5477K, capacity 5597K, committed 5632K, reserved 1048576K
}
Event: 6.954 GC heap before
{Heap before GC invocations=7 (full 2):
 PSYoungGen      total 202240K, used 6737K [0x0000000781b00000, 0x0000000796680000, 0x00000007c0000000)
  eden space 194560K, 0% used [0x0000000781b00000,0x0000000781b00000,0x000000078d900000)
  from space 7680K, 87% used [0x000000078d900000,0x000000078df946f8,0x000000078e080000)
  to   space 11264K, 0% used [0x0000000795b80000,0x0000000795b80000,0x0000000796680000)
 ParOldGen       total 64000K, used 7986K [0x0000000705000000, 0x0000000708e80000, 0x0000000781b00000)
  object space 64000K, 12% used [0x0000000705000000,0x00000007057cc8a8,0x0000000708e80000)
 Metaspace       used 34978K, capacity 35348K, committed 35416K, reserved 1079296K
  class space    used 5477K, capacity 5597K, committed 5632K, reserved 1048576K
Event: 6.986 GC heap after
Heap after GC invocations=7 (full 2):
 PSYoungGen      total 202240K, used 0K [0x0000000781b00000, 0x0000000796680000, 0x00000007c0000000)
  eden space 194560K, 0% used [0x0000000781b00000,0x0000000781b00000,0x000000078d900000)
  from space 7680K, 0% used [0x000000078d900000,0x000000078d900000,0x000000078e080000)
  to   space 11264K, 0% used [0x0000000795b80000,0x0000000795b80000,0x0000000796680000)
 ParOldGen       total 79872K, used 10445K [0x0000000705000000, 0x0000000709e00000, 0x0000000781b00000)
  object space 79872K, 13% used [0x0000000705000000,0x0000000705a33628,0x0000000709e00000)
 Metaspace       used 34978K, capacity 35348K, committed 35416K, reserved 1079296K
  class space    used 5477K, capacity 5597K, committed 5632K, reserved 1048576K
}

Deoptimization events (10 events):
Event: 1.293 Thread 0x00007fe87c011800 Uncommon trap: reason=unstable_if action=reinterpret pc=0x00007fe86d32503c method=com.sun.org.apache.xerces.internal.dom.DeferredDocumentImpl.clearChunkIndex([[III)I @ 47
Event: 1.755 Thread 0x00007fe87c011800 Uncommon trap: reason=unstable_if action=reinterpret pc=0x00007fe86d3f4364 method=java.util.concurrent.ConcurrentHashMap.putVal(Ljava/lang/Object;Ljava/lang/Object;Z)Ljava/lang/Object; @ 206
Event: 1.836 Thread 0x00007fe87c011800 Uncommon trap: reason=unstable_if action=reinterpret pc=0x00007fe86d38c4e0 method=com.sun.org.apache.xerces.internal.impl.XMLDocumentFragmentScannerImpl$FragmentContentDriver.next()I @ 962
Event: 2.027 Thread 0x00007fe87c011800 Uncommon trap: reason=unstable_if action=reinterpret pc=0x00007fe86d39c76c method=java.lang.ClassLoader.checkName(Ljava/lang/String;)Z @ 20
Event: 2.032 Thread 0x00007fe87c011800 Uncommon trap: reason=class_check action=maybe_recompile pc=0x00007fe86d3fb508 method=java.util.HashMap.putVal(ILjava/lang/Object;Ljava/lang/Object;ZZ)Ljava/lang/Object; @ 203
Event: 2.032 Thread 0x00007fe87c011800 Uncommon trap: reason=class_check action=maybe_recompile pc=0x00007fe86d3fb508 method=java.util.HashMap.putVal(ILjava/lang/Object;Ljava/lang/Object;ZZ)Ljava/lang/Object; @ 203
Event: 2.032 Thread 0x00007fe87c011800 Uncommon trap: reason=class_check action=maybe_recompile pc=0x00007fe86d3fb508 method=java.util.HashMap.putVal(ILjava/lang/Object;Ljava/lang/Object;ZZ)Ljava/lang/Object; @ 203
Event: 2.032 Thread 0x00007fe87c011800 Uncommon trap: reason=class_check action=maybe_recompile pc=0x00007fe86d3fb508 method=java.util.HashMap.putVal(ILjava/lang/Object;Ljava/lang/Object;ZZ)Ljava/lang/Object; @ 203
Event: 2.072 Thread 0x00007fe87c011800 Uncommon trap: reason=unstable_if action=reinterpret pc=0x00007fe86d3e9df0 method=sun.net.www.protocol.jar.Handler.parseURL(Ljava/net/URL;Ljava/lang/String;II)V @ 94
Event: 6.834 Thread 0x00007fe814053800 Uncommon trap: reason=unstable_if action=reinterpret pc=0x00007fe86d510728 method=java.lang.ClassLoader.getClassLoadingLock(Ljava/lang/String;)Ljava/lang/Object; @ 6

Internal exceptions (10 events):
Event: 6.819 Thread 0x00007fe87cbb1800 Exception <a 'java/lang/NoSuchMethodError': <clinit>> (0x0000000783604368) thrown at [/HUDSON3/workspace/8-2-build-linux-amd64/jdk8u74/6087/hotspot/src/share/vm/prims/jni.cpp, line 1591]
Event: 6.819 Thread 0x00007fe87cbb1800 Exception <a 'java/lang/NoSuchMethodError': <clinit>> (0x0000000783609348) thrown at [/HUDSON3/workspace/8-2-build-linux-amd64/jdk8u74/6087/hotspot/src/share/vm/prims/jni.cpp, line 1591]
Event: 6.901 Thread 0x00007fe814053800 Exception <a 'java/lang/NoSuchMethodError': <clinit>> (0x0000000783c00ee0) thrown at [/HUDSON3/workspace/8-2-build-linux-amd64/jdk8u74/6087/hotspot/src/share/vm/prims/jni.cpp, line 1591]
Event: 6.904 Thread 0x00007fe814053800 Exception <a 'java/lang/NoSuchMethodError': <clinit>> (0x0000000783c3a5e0) thrown at [/HUDSON3/workspace/8-2-build-linux-amd64/jdk8u74/6087/hotspot/src/share/vm/prims/jni.cpp, line 1591]
Event: 6.995 Thread 0x00007fe87cf3c000 Exception <a 'java/lang/NoSuchMethodError': <clinit>> (0x0000000781bc0740) thrown at [/HUDSON3/workspace/8-2-build-linux-amd64/jdk8u74/6087/hotspot/src/share/vm/prims/jni.cpp, line 1591]
Event: 6.996 Thread 0x00007fe87cf3c000 Exception <a 'java/lang/NoSuchMethodError': <clinit>> (0x0000000781be1330) thrown at [/HUDSON3/workspace/8-2-build-linux-amd64/jdk8u74/6087/hotspot/src/share/vm/prims/jni.cpp, line 1591]
Event: 6.996 Thread 0x00007fe87cf3c000 Exception <a 'java/lang/NoSuchMethodError': <clinit>> (0x0000000781be35e0) thrown at [/HUDSON3/workspace/8-2-build-linux-amd64/jdk8u74/6087/hotspot/src/share/vm/prims/jni.cpp, line 1591]
Event: 6.996 Thread 0x00007fe87cf3c000 Exception <a 'java/lang/NoSuchMethodError': <clinit>> (0x0000000781be6738) thrown at [/HUDSON3/workspace/8-2-build-linux-amd64/jdk8u74/6087/hotspot/src/share/vm/prims/jni.cpp, line 1591]
Event: 7.004 Thread 0x00007fe87cbb1800 Exception <a 'java/lang/NoSuchMethodError': <clinit>> (0x0000000782561988) thrown at [/HUDSON3/workspace/8-2-build-linux-amd64/jdk8u74/6087/hotspot/src/share/vm/prims/jni.cpp, line 1591]
Event: 7.006 Thread 0x00007fe87cbb1800 Exception <a 'java/lang/NoSuchMethodError': <clinit>> (0x0000000782575288) thrown at [/HUDSON3/workspace/8-2-build-linux-amd64/jdk8u74/6087/hotspot/src/share/vm/prims/jni.cpp, line 1591]

Events (10 events):
Event: 74.703 Executing VM operation: ChangeBreakpoints
Event: 74.704 Executing VM operation: ChangeBreakpoints done
Event: 74.735 Executing VM operation: ChangeBreakpoints
Event: 74.736 Executing VM operation: ChangeBreakpoints done
Event: 974.648 Executing VM operation: ChangeBreakpoints
Event: 974.648 Executing VM operation: ChangeBreakpoints done
Event: 974.648 Executing VM operation: ChangeBreakpoints
Event: 974.648 Executing VM operation: ChangeBreakpoints done
Event: 974.658 Executing VM operation: RedefineClasses
Event: 974.669 Executing VM operation: RedefineClasses done


Dynamic libraries:
00400000-00401000 r-xp 00000000 08:01 16910283                           /home/wanghl/java/jdk8/bin/java
00600000-00601000 rw-p 00000000 08:01 16910283                           /home/wanghl/java/jdk8/bin/java
00f7a000-00f9b000 rw-p 00000000 00:00 0                                  [heap]
705000000-709e00000 rw-p 00000000 00:00 0 
709e00000-781b00000 ---p 00000000 00:00 0 
781b00000-796680000 rw-p 00000000 00:00 0 
796680000-7c0000000 ---p 00000000 00:00 0 
7c0000000-7c05a0000 rw-p 00000000 00:00 0 
7c05a0000-800000000 ---p 00000000 00:00 0 
7fe7e4000000-7fe7e4021000 rw-p 00000000 00:00 0 
7fe7e4021000-7fe7e8000000 ---p 00000000 00:00 0 
7fe7ea9e9000-7fe7ea9ec000 ---p 00000000 00:00 0 
7fe7ea9ec000-7fe7eaaea000 rw-p 00000000 00:00 0 
7fe7eaaea000-7fe7eaaed000 ---p 00000000 00:00 0 
7fe7eaaed000-7fe7eabeb000 rw-p 00000000 00:00 0 
7fe7eabeb000-7fe7eabee000 ---p 00000000 00:00 0 
7fe7eabee000-7fe7eaec2000 rw-p 00000000 00:00 0 
7fe7eaec2000-7fe7eaeec000 ---p 00000000 00:00 0 
7fe7eaeec000-7fe7eaef9000 r-xp 00000000 08:01 33819252                   /tmp/liblz4-java5860098601629559805.so
7fe7eaef9000-7fe7eb0f8000 ---p 0000d000 08:01 33819252                   /tmp/liblz4-java5860098601629559805.so
7fe7eb0f8000-7fe7eb0f9000 rw-p 0000c000 08:01 33819252                   /tmp/liblz4-java5860098601629559805.so
7fe7eb0f9000-7fe7eb2f9000 rw-p 00000000 00:00 0 
7fe7eb2f9000-7fe7eb4f9000 rw-p 00000000 00:00 0 
7fe7eb4f9000-7fe7eb4fc000 ---p 00000000 00:00 0 
7fe7eb4fc000-7fe7eb5fa000 rw-p 00000000 00:00 0 
7fe7eb5fa000-7fe7eb5fd000 ---p 00000000 00:00 0 
7fe7eb5fd000-7fe7eb6fb000 rw-p 00000000 00:00 0 
7fe7eb6fb000-7fe7eb6fe000 ---p 00000000 00:00 0 
7fe7eb6fe000-7fe7eb9fc000 rw-p 00000000 00:00 0 
7fe7eb9fc000-7fe7eb9ff000 ---p 00000000 00:00 0 
7fe7eb9ff000-7fe7ebafd000 rw-p 00000000 00:00 0 
7fe7ebafd000-7fe7ebb00000 ---p 00000000 00:00 0 
7fe7ebb00000-7fe7ebbfe000 rw-p 00000000 00:00 0 
7fe7ebbfe000-7fe7ebc01000 ---p 00000000 00:00 0 
7fe7ebc01000-7fe7ebeff000 rw-p 00000000 00:00 0 
7fe7ebeff000-7fe7ebf02000 ---p 00000000 00:00 0 
7fe7ebf02000-7fe7ec000000 rw-p 00000000 00:00 0 
7fe7ec000000-7fe7ec021000 rw-p 00000000 00:00 0 
7fe7ec021000-7fe7f0000000 ---p 00000000 00:00 0 
7fe7f0000000-7fe7f0021000 rw-p 00000000 00:00 0 
7fe7f0021000-7fe7f4000000 ---p 00000000 00:00 0 
7fe7f4000000-7fe7f4021000 rw-p 00000000 00:00 0 
7fe7f4021000-7fe7f8000000 ---p 00000000 00:00 0 
7fe7f8000000-7fe7f8021000 rw-p 00000000 00:00 0 
7fe7f8021000-7fe7fc000000 ---p 00000000 00:00 0 
7fe7fc000000-7fe7fc021000 rw-p 00000000 00:00 0 
7fe7fc021000-7fe800000000 ---p 00000000 00:00 0 
7fe800000000-7fe800021000 rw-p 00000000 00:00 0 
7fe800021000-7fe804000000 ---p 00000000 00:00 0 
7fe804000000-7fe804021000 rw-p 00000000 00:00 0 
7fe804021000-7fe808000000 ---p 00000000 00:00 0 
7fe808000000-7fe808021000 rw-p 00000000 00:00 0 
7fe808021000-7fe80c000000 ---p 00000000 00:00 0 
7fe80c000000-7fe80c021000 rw-p 00000000 00:00 0 
7fe80c021000-7fe810000000 ---p 00000000 00:00 0 
7fe810000000-7fe810157000 rw-p 00000000 00:00 0 
7fe810157000-7fe814000000 ---p 00000000 00:00 0 
7fe814000000-7fe81408b000 rw-p 00000000 00:00 0 
7fe81408b000-7fe818000000 ---p 00000000 00:00 0 
7fe818000000-7fe818021000 rw-p 00000000 00:00 0 
7fe818021000-7fe81c000000 ---p 00000000 00:00 0 
7fe81c000000-7fe81c128000 rw-p 00000000 00:00 0 
7fe81c128000-7fe820000000 ---p 00000000 00:00 0 
7fe820000000-7fe820021000 rw-p 00000000 00:00 0 
7fe820021000-7fe824000000 ---p 00000000 00:00 0 
7fe824000000-7fe8246ea000 rw-p 00000000 00:00 0 
7fe8246ea000-7fe828000000 ---p 00000000 00:00 0 
7fe828000000-7fe82809a000 rw-p 00000000 00:00 0 
7fe82809a000-7fe82c000000 ---p 00000000 00:00 0 
7fe82c000000-7fe82f6fc000 rw-p 00000000 00:00 0 
7fe82f6fc000-7fe830000000 ---p 00000000 00:00 0 
7fe830000000-7fe83350e000 rw-p 00000000 00:00 0 
7fe83350e000-7fe834000000 ---p 00000000 00:00 0 
7fe834000000-7fe834021000 rw-p 00000000 00:00 0 
7fe834021000-7fe838000000 ---p 00000000 00:00 0 
7fe838000000-7fe838089000 rw-p 00000000 00:00 0 
7fe838089000-7fe83c000000 ---p 00000000 00:00 0 
7fe83c000000-7fe83c021000 rw-p 00000000 00:00 0 
7fe83c021000-7fe840000000 ---p 00000000 00:00 0 
7fe840000000-7fe8402e5000 rw-p 00000000 00:00 0 
7fe8402e5000-7fe844000000 ---p 00000000 00:00 0 
7fe844000000-7fe844021000 rw-p 00000000 00:00 0 
7fe844021000-7fe848000000 ---p 00000000 00:00 0 
7fe848000000-7fe848021000 rw-p 00000000 00:00 0 
7fe848021000-7fe84c000000 ---p 00000000 00:00 0 
7fe84c000000-7fe84c021000 rw-p 00000000 00:00 0 
7fe84c021000-7fe850000000 ---p 00000000 00:00 0 
7fe850057000-7fe85005a000 ---p 00000000 00:00 0 
7fe85005a000-7fe850158000 rw-p 00000000 00:00 0 
7fe850158000-7fe85015b000 ---p 00000000 00:00 0 
7fe85015b000-7fe850259000 rw-p 00000000 00:00 0 
7fe850259000-7fe85025c000 ---p 00000000 00:00 0 
7fe85025c000-7fe85035a000 rw-p 00000000 00:00 0 
7fe85035a000-7fe85035d000 ---p 00000000 00:00 0 
7fe85035d000-7fe85045b000 rw-p 00000000 00:00 0 
7fe85045b000-7fe85045e000 ---p 00000000 00:00 0 
7fe85045e000-7fe85055c000 rw-p 00000000 00:00 0 
7fe85055c000-7fe85055f000 ---p 00000000 00:00 0 
7fe85055f000-7fe85065d000 rw-p 00000000 00:00 0 
7fe85065d000-7fe850660000 ---p 00000000 00:00 0 
7fe850660000-7fe85075e000 rw-p 00000000 00:00 0 
7fe85075e000-7fe850761000 ---p 00000000 00:00 0 
7fe850761000-7fe85085f000 rw-p 00000000 00:00 0 
7fe85085f000-7fe850862000 ---p 00000000 00:00 0 
7fe850862000-7fe850960000 rw-p 00000000 00:00 0 
7fe850960000-7fe850963000 ---p 00000000 00:00 0 
7fe850963000-7fe850c61000 rw-p 00000000 00:00 0 
7fe850c61000-7fe850c64000 ---p 00000000 00:00 0 
7fe850c64000-7fe850d62000 rw-p 00000000 00:00 0 
7fe850d62000-7fe850d65000 ---p 00000000 00:00 0 
7fe850d65000-7fe850e63000 rw-p 00000000 00:00 0 
7fe850e63000-7fe850e66000 ---p 00000000 00:00 0 
7fe850e66000-7fe850f64000 rw-p 00000000 00:00 0 
7fe850f64000-7fe850f67000 ---p 00000000 00:00 0 
7fe850f67000-7fe851065000 rw-p 00000000 00:00 0 
7fe851065000-7fe851068000 ---p 00000000 00:00 0 
7fe851068000-7fe851166000 rw-p 00000000 00:00 0 
7fe851166000-7fe851169000 ---p 00000000 00:00 0 
7fe851169000-7fe851267000 rw-p 00000000 00:00 0 
7fe851267000-7fe85126a000 ---p 00000000 00:00 0 
7fe85126a000-7fe851368000 rw-p 00000000 00:00 0 
7fe851368000-7fe85136b000 ---p 00000000 00:00 0 
7fe85136b000-7fe851469000 rw-p 00000000 00:00 0 
7fe851469000-7fe85146c000 ---p 00000000 00:00 0 
7fe85146c000-7fe85176a000 rw-p 00000000 00:00 0 
7fe85176a000-7fe85177b000 r-xp 00000000 08:01 16910390                   /home/wanghl/java/jdk8/jre/lib/amd64/libnio.so
7fe85177b000-7fe85197a000 ---p 00011000 08:01 16910390                   /home/wanghl/java/jdk8/jre/lib/amd64/libnio.so
7fe85197a000-7fe85197b000 rw-p 00010000 08:01 16910390                   /home/wanghl/java/jdk8/jre/lib/amd64/libnio.so
7fe85197b000-7fe851b7b000 rw-p 00000000 00:00 0 
7fe851b7b000-7fe851b7e000 ---p 00000000 00:00 0 
7fe851b7e000-7fe851c7c000 rw-p 00000000 00:00 0 
7fe851c7c000-7fe851c7f000 ---p 00000000 00:00 0 
7fe851c7f000-7fe851d7d000 rw-p 00000000 00:00 0 
7fe851d7d000-7fe851d80000 ---p 00000000 00:00 0 
7fe851d80000-7fe851e7e000 rw-p 00000000 00:00 0 
7fe851e7e000-7fe851e81000 ---p 00000000 00:00 0 
7fe851e81000-7fe858000000 rw-p 00000000 00:00 0 
7fe858000000-7fe858021000 rw-p 00000000 00:00 0 
7fe858021000-7fe85c000000 ---p 00000000 00:00 0 
7fe85c06d000-7fe85c071000 r--s 00097000 08:01 16910311                   /home/wanghl/java/jdk8/jre/lib/jsse.jar
7fe85c071000-7fe85c271000 rw-p 00000000 00:00 0 
7fe85c271000-7fe85c287000 r-xp 00000000 08:01 16910367                   /home/wanghl/java/jdk8/jre/lib/amd64/libnet.so
7fe85c287000-7fe85c487000 ---p 00016000 08:01 16910367                   /home/wanghl/java/jdk8/jre/lib/amd64/libnet.so
7fe85c487000-7fe85c488000 rw-p 00016000 08:01 16910367                   /home/wanghl/java/jdk8/jre/lib/amd64/libnet.so
7fe85c488000-7fe85c48b000 r--s 0001a000 08:01 16910618                   /home/wanghl/java/jdk8/jre/lib/jce.jar
7fe85c48b000-7fe85c48c000 r-xp 00000000 08:01 16910423                   /home/wanghl/java/jdk8/jre/lib/amd64/libjaas_unix.so
7fe85c48c000-7fe85c68b000 ---p 00001000 08:01 16910423                   /home/wanghl/java/jdk8/jre/lib/amd64/libjaas_unix.so
7fe85c68b000-7fe85c68c000 rw-p 00000000 08:01 16910423                   /home/wanghl/java/jdk8/jre/lib/amd64/libjaas_unix.so
7fe85c68c000-7fe85c6ab000 r-xp 00000000 08:01 18090958                   /home/wanghl/hadoop/hadoop-2.6.4/lib/native/libhadoop.so.1.0.0
7fe85c6ab000-7fe85c8ab000 ---p 0001f000 08:01 18090958                   /home/wanghl/hadoop/hadoop-2.6.4/lib/native/libhadoop.so.1.0.0
7fe85c8ab000-7fe85c8ac000 r--p 0001f000 08:01 18090958                   /home/wanghl/hadoop/hadoop-2.6.4/lib/native/libhadoop.so.1.0.0
7fe85c8ac000-7fe85c8ad000 rw-p 00020000 08:01 18090958                   /home/wanghl/hadoop/hadoop-2.6.4/lib/native/libhadoop.so.1.0.0
7fe85c8ad000-7fe85c8b4000 r--s 00000000 08:01 44177884                   /usr/lib/x86_64-linux-gnu/gconv/gconv-modules.cache
7fe85c8b4000-7fe85c8d5000 r--p 00000000 08:01 45755829                   /usr/share/locale-langpack/zh_CN/LC_MESSAGES/libc.mo
7fe85c8d5000-7fe85cad5000 rw-p 00000000 00:00 0 
7fe85cad5000-7fe85cade000 r-xp 00000000 08:01 16910401                   /home/wanghl/java/jdk8/jre/lib/amd64/libmanagement.so
7fe85cade000-7fe85ccdd000 ---p 00009000 08:01 16910401                   /home/wanghl/java/jdk8/jre/lib/amd64/libmanagement.so
7fe85ccdd000-7fe85ccde000 rw-p 00008000 08:01 16910401                   /home/wanghl/java/jdk8/jre/lib/amd64/libmanagement.so
7fe85ccde000-7fe85cede000 rw-p 00000000 00:00 0 
7fe85cede000-7fe85cee8000 r--s 00116000 08:01 16910444                   /home/wanghl/java/jdk8/jre/lib/ext/localedata.jar
7fe85cee8000-7fe85cf04000 r--s 00393000 08:01 16910447                   /home/wanghl/java/jdk8/jre/lib/ext/cldrdata.jar
7fe85cf04000-7fe85cf06000 r--s 0001e000 08:01 42209396                   /opt/idea/lib/idea_rt.jar
7fe85cf06000-7fe85cf07000 r--s 00000000 08:01 21104314                   /home/wanghl/.m2/repository/org/spark-project/spark/unused/1.0.0/unused-1.0.0.jar
7fe85cf07000-7fe85cf09000 r--s 0001f000 08:01 29891798                   /home/wanghl/.m2/repository/org/apache/commons/commons-crypto/1.0.0/commons-crypto-1.0.0.jar
7fe85cf09000-7fe85cf6f000 r--s 006cc000 08:01 29496896                   /home/wanghl/.m2/repository/org/scalatest/scalatest_2.10/2.2.6/scalatest_2.10-2.2.6.jar
7fe85cf6f000-7fe85cf71000 r--s 00003000 08:01 29366607                   /home/wanghl/.m2/repository/org/apache/spark/spark-tags_2.10/2.1.0/spark-tags_2.10-2.1.0.jar
7fe85cf71000-7fe85cf74000 r--s 0001a000 08:01 29891796                   /home/wanghl/.m2/repository/net/sf/py4j/py4j/0.10.4/py4j-0.10.4.jar
7fe85cf74000-7fe85cf77000 r--s 00015000 08:01 29891719                   /home/wanghl/.m2/repository/net/razorvine/pyrolite/4.13/pyrolite-4.13.jar
7fe85cf77000-7fe85cf79000 r--s 0000e000 08:01 17304247                   /home/wanghl/.m2/repository/oro/oro/2.0.8/oro-2.0.8.jar
7fe85cf79000-7fe85cf8f000 r--s 00124000 08:01 21104304                   /home/wanghl/.m2/repository/org/apache/ivy/ivy/2.4.0/ivy-2.4.0.jar
7fe85cf8f000-7fe85cf91000 r--s 00009000 08:01 29891717                   /home/wanghl/.m2/repository/com/fasterxml/jackson/module/jackson-module-paranamer/2.6.5/jackson-module-paranamer-2.6.5.jar
7fe85cf91000-7fe85cfc6000 r--s 002da000 08:01 29496894                   /home/wanghl/.m2/repository/org/scala-lang/scala-reflect/2.10.6/scala-reflect-2.10.6.jar
7fe85cfc6000-7fe85cfd4000 r--s 0006f000 08:01 29891715                   /home/wanghl/.m2/repository/com/fasterxml/jackson/module/jackson-module-scala_2.10/2.6.5/jackson-module-scala_2.10-2.6.5.jar
7fe85cfd4000-7fe85cfd8000 r--s 0003c000 08:01 29754770                   /home/wanghl/.m2/repository/com/fasterxml/jackson/core/jackson-core/2.6.5/jackson-core-2.6.5.jar
7fe85cfd8000-7fe85cfe9000 r--s 0010d000 08:01 29754769                   /home/wanghl/.m2/repository/com/fasterxml/jackson/core/jackson-databind/2.6.5/jackson-databind-2.6.5.jar
7fe85cfe9000-7fe85cfeb000 r--s 00004000 08:01 21104870                   /home/wanghl/.m2/repository/io/dropwizard/metrics/metrics-graphite/3.1.2/metrics-graphite-3.1.2.jar
7fe85cfeb000-7fe85cfec000 r--s 00003000 08:01 21104847                   /home/wanghl/.m2/repository/io/dropwizard/metrics/metrics-json/3.1.2/metrics-json-3.1.2.jar
7fe85cfec000-7fe85cfee000 r--s 00008000 08:01 21104845                   /home/wanghl/.m2/repository/io/dropwizard/metrics/metrics-jvm/3.1.2/metrics-jvm-3.1.2.jar
7fe85cfee000-7fe85cff2000 r--s 00018000 08:01 21104843                   /home/wanghl/.m2/repository/io/dropwizard/metrics/metrics-core/3.1.2/metrics-core-3.1.2.jar
7fe85cff2000-7fe85cff5000 r--s 00028000 08:01 21104290                   /home/wanghl/.m2/repository/com/clearspring/analytics/stream/2.7.0/stream-2.7.0.jar
7fe85cff5000-7fe85d00d000 r--s 00115000 08:01 21104268                   /home/wanghl/.m2/repository/io/netty/netty/3.8.0.Final/netty-3.8.0.Final.jar
7fe85d00d000-7fe85d034000 r--s 0020f000 08:01 29496892                   /home/wanghl/.m2/repository/io/netty/netty-all/4.0.42.Final/netty-all-4.0.42.Final.jar
7fe85d034000-7fe85d037000 r--s 0000e000 08:01 29891704                   /home/wanghl/.m2/repository/org/glassfish/jersey/containers/jersey-container-servlet-core/2.22.2/jersey-container-servlet-core-2.22.2.jar
7fe85d037000-7fe85d039000 r--s 00003000 08:01 29891702                   /home/wanghl/.m2/repository/org/glassfish/jersey/containers/jersey-container-servlet/2.22.2/jersey-container-servlet-2.22.2.jar
7fe85d039000-7fe85d03d000 r--s 0000c000 08:01 17825822                   /home/wanghl/.m2/repository/javax/validation/validation-api/1.1.0.Final/validation-api-1.1.0.Final.jar
7fe85d03d000-7fe85d03f000 r--s 00010000 08:01 29891700                   /home/wanghl/.m2/repository/org/glassfish/jersey/media/jersey-media-jaxb/2.22.2/jersey-media-jaxb-2.22.2.jar
7fe85d03f000-7fe85d055000 r--s 000d3000 08:01 29891698                   /home/wanghl/.m2/repository/org/glassfish/jersey/core/jersey-server/2.22.2/jersey-server-2.22.2.jar
7fe85d055000-7fe85d056000 r--s 00004000 08:01 29891696                   /home/wanghl/.m2/repository/org/glassfish/hk2/osgi-resource-locator/1.0.1/osgi-resource-locator-1.0.1.jar
7fe85d056000-7fe85d06e000 r--s 000d6000 08:01 29891694                   /home/wanghl/.m2/repository/org/glassfish/jersey/bundles/repackaged/jersey-guava/2.22.2/jersey-guava-2.22.2.jar
7fe85d06e000-7fe85d070000 r--s 00005000 08:01 17827191                   /home/wanghl/.m2/repository/javax/annotation/javax.annotation-api/1.2/javax.annotation-api-1.2.jar
7fe85d070000-7fe85d07e000 r--s 0009d000 08:01 29891692                   /home/wanghl/.m2/repository/org/glassfish/jersey/core/jersey-common/2.22.2/jersey-common-2.22.2.jar
7fe85d07e000-7fe85d088000 r--s 000a5000 08:01 19139897                   /home/wanghl/.m2/repository/org/javassist/javassist/3.18.1-GA/javassist-3.18.1-GA.jar
7fe85d088000-7fe85d08c000 r--s 00029000 08:01 29891691                   /home/wanghl/.m2/repository/org/glassfish/hk2/hk2-locator/2.4.0-b34/hk2-locator-2.4.0-b34.jar
7fe85d08c000-7fe85d08d000 r--s 00001000 08:01 29891688                   /home/wanghl/.m2/repository/org/glassfish/hk2/external/javax.inject/2.4.0-b34/javax.inject-2.4.0-b34.jar
7fe85d08d000-7fe85d08f000 r--s 00002000 08:01 29891686                   /home/wanghl/.m2/repository/org/glassfish/hk2/external/aopalliance-repackaged/2.4.0-b34/aopalliance-repackaged-2.4.0-b34.jar
7fe85d08f000-7fe85d093000 r--s 0001a000 08:01 29891684                   /home/wanghl/.m2/repository/org/glassfish/hk2/hk2-utils/2.4.0-b34/hk2-utils-2.4.0-b34.jar
7fe85d093000-7fe85d098000 r--s 00027000 08:01 29891682                   /home/wanghl/.m2/repository/org/glassfish/hk2/hk2-api/2.4.0-b34/hk2-api-2.4.0-b34.jar
7fe85d098000-7fe85d09c000 r--s 00019000 08:01 29891680                   /home/wanghl/.m2/repository/javax/ws/rs/javax.ws.rs-api/2.0.1/javax.ws.rs-api-2.0.1.jar
7fe85d09c000-7fe85d0a0000 r--s 00025000 08:01 29891678                   /home/wanghl/.m2/repository/org/glassfish/jersey/core/jersey-client/2.22.2/jersey-client-2.22.2.jar
7fe85d0a0000-7fe85d193000 r--s 00c8c000 08:01 21104841                   /home/wanghl/.m2/repository/org/scala-lang/scala-compiler/2.10.0/scala-compiler-2.10.0.jar
7fe85d193000-7fe85d1a6000 r--s 000be000 08:01 21104284                   /home/wanghl/.m2/repository/org/scala-lang/scalap/2.10.0/scalap-2.10.0.jar
7fe85d1a6000-7fe85d1a8000 r--s 00007000 08:01 21104302                   /home/wanghl/.m2/repository/com/thoughtworks/paranamer/paranamer/2.6/paranamer-2.6.jar
7fe85d1a8000-7fe85d1aa000 r--s 00013000 08:01 29891676                   /home/wanghl/.m2/repository/org/json4s/json4s-ast_2.10/3.2.11/json4s-ast_2.10-3.2.11.jar
7fe85d1aa000-7fe85d1b4000 r--s 00088000 08:01 29891674                   /home/wanghl/.m2/repository/org/json4s/json4s-core_2.10/3.2.11/json4s-core_2.10-3.2.11.jar
7fe85d1b4000-7fe85d1b6000 r--s 00009000 08:01 29891673                   /home/wanghl/.m2/repository/org/json4s/json4s-jackson_2.10/3.2.11/json4s-jackson_2.10-3.2.11.jar
7fe85d1b6000-7fe85d229000 r--s 0065b000 08:01 29496890                   /home/wanghl/.m2/repository/org/scala-lang/scala-library/2.10.6/scala-library-2.10.6.jar
7fe85d229000-7fe85d22d000 r--s 00030000 08:01 21104260                   /home/wanghl/.m2/repository/commons-net/commons-net/2.2/commons-net-2.2.jar
7fe85d22d000-7fe85d230000 r--s 0002f000 08:01 21104839                   /home/wanghl/.m2/repository/org/roaringbitmap/RoaringBitmap/0.5.11/RoaringBitmap-0.5.11.jar
7fe85d230000-7fe85d232000 r--s 00038000 08:01 21104769                   /home/wanghl/.m2/repository/net/jpountz/lz4/lz4/1.3.0/lz4-1.3.0.jar
7fe85d232000-7fe85d234000 r--s 00100000 08:01 29891671                   /home/wanghl/.m2/repository/org/xerial/snappy/snappy-java/1.1.2.6/snappy-java-1.1.2.6.jar
7fe85d234000-7fe85d236000 r--s 00012000 08:01 21104715                   /home/wanghl/.m2/repository/com/ning/compress-lzf/1.0.3/compress-lzf-1.0.3.jar
7fe85d236000-7fe85d237000 r--s 00002000 08:01 29891668                   /home/wanghl/.m2/repository/org/slf4j/slf4j-log4j12/1.7.16/slf4j-log4j12-1.7.16.jar
7fe85d237000-7fe85d240000 r--s 0006f000 08:01 16911380                   /home/wanghl/.m2/repository/log4j/log4j/1.2.17/log4j-1.2.17.jar
7fe85d240000-7fe85d242000 r--s 00003000 08:01 29891667                   /home/wanghl/.m2/repository/org/slf4j/jcl-over-slf4j/1.7.16/jcl-over-slf4j-1.7.16.jar
7fe85d242000-7fe85d244000 r--s 00000000 08:01 29891665                   /home/wanghl/.m2/repository/org/slf4j/jul-to-slf4j/1.7.16/jul-to-slf4j-1.7.16.jar
7fe85d244000-7fe85d245000 r--s 00009000 08:01 29891663                   /home/wanghl/.m2/repository/org/slf4j/slf4j-api/1.7.16/slf4j-api-1.7.16.jar
7fe85d245000-7fe85d248000 r--s 00006000 08:01 17303601                   /home/wanghl/.m2/repository/com/google/code/findbugs/jsr305/1.3.9/jsr305-1.3.9.jar
7fe85d248000-7fe85d26c000 r--s 001cd000 08:01 21104714                   /home/wanghl/.m2/repository/org/apache/commons/commons-math3/3.4.1/commons-math3-3.4.1.jar
7fe85d26c000-7fe85d274000 r--s 0006e000 08:01 29496888                   /home/wanghl/.m2/repository/org/apache/commons/commons-lang3/3.5/commons-lang3-3.5.jar
7fe85d274000-7fe85d277000 r--s 00015000 08:01 17826389                   /home/wanghl/.m2/repository/javax/servlet/javax.servlet-api/3.1.0/javax.servlet-api-3.1.0.jar
7fe85d277000-7fe85d2a0000 r--s 001ee000 08:01 16911375                   /home/wanghl/.m2/repository/com/google/guava/guava/14.0.1/guava-14.0.1.jar
7fe85d2a0000-7fe85d2ac000 r--s 000b3000 08:01 18875733                   /home/wanghl/.m2/repository/org/apache/zookeeper/zookeeper/3.4.5/zookeeper-3.4.5.jar
7fe85d2ac000-7fe85d2af000 r--s 0000e000 08:01 21104246                   /home/wanghl/.m2/repository/org/apache/curator/curator-client/2.4.0/curator-client-2.4.0.jar
7fe85d2af000-7fe85d2b4000 r--s 00027000 08:01 21104244                   /home/wanghl/.m2/repository/org/apache/curator/curator-framework/2.4.0/curator-framework-2.4.0.jar
7fe85d2b4000-7fe85d2ba000 r--s 00035000 08:01 21104242                   /home/wanghl/.m2/repository/org/apache/curator/curator-recipes/2.4.0/curator-recipes-2.4.0.jar
7fe85d2ba000-7fe85d2c0000 r--s 00045000 08:01 17959544                   /home/wanghl/.m2/repository/commons-httpclient/commons-httpclient/3.1/commons-httpclient-3.1.jar
7fe85d2c0000-7fe85d2c2000 r--s 0000a000 08:01 17303606                   /home/wanghl/.m2/repository/commons-codec/commons-codec/1.3/commons-codec-1.3.jar
7fe85d2c2000-7fe85d2c8000 r--s 00057000 08:01 21104240                   /home/wanghl/.m2/repository/net/java/dev/jets3t/jets3t/0.7.1/jets3t-0.7.1.jar
7fe85d2c8000-7fe85d2ca000 r--s 00009000 08:01 29754766                   /home/wanghl/.m2/repository/org/apache/spark/spark-unsafe_2.10/2.1.0/spark-unsafe_2.10-2.1.0.jar
7fe85d2ca000-7fe85d2cd000 r--s 0000d000 08:01 29754765                   /home/wanghl/.m2/repository/org/apache/spark/spark-network-shuffle_2.10/2.1.0/spark-network-shuffle_2.10-2.1.0.jar
7fe85d2cd000-7fe85d2d0000 r--s 00009000 08:01 29754763                   /home/wanghl/.m2/repository/com/fasterxml/jackson/core/jackson-annotations/2.6.5/jackson-annotations-2.6.5.jar
7fe85d2d0000-7fe85d2d3000 r--s 000fd000 08:01 21104505                   /home/wanghl/.m2/repository/org/fusesource/leveldbjni/leveldbjni-all/1.8/leveldbjni-all-1.8.jar
7fe85d2d3000-7fe85d301000 r--s 00212000 08:01 29496887                   /home/wanghl/.m2/repository/org/apache/spark/spark-network-common_2.10/2.1.0/spark-network-common_2.10-2.1.0.jar
7fe85d301000-7fe85d303000 r--s 0000f000 08:01 29366605                   /home/wanghl/.m2/repository/org/apache/spark/spark-launcher_2.10/2.1.0/spark-launcher_2.10-2.1.0.jar
7fe85d303000-7fe85d305000 r--s 00003000 08:01 21104234                   /home/wanghl/.m2/repository/org/apache/hadoop/hadoop-annotations/2.2.0/hadoop-annotations-2.2.0.jar
7fe85d305000-7fe85d306000 r--s 00008000 08:01 21104232                   /home/wanghl/.m2/repository/org/apache/hadoop/hadoop-mapreduce-client-jobclient/2.2.0/hadoop-mapreduce-client-jobclient-2.2.0.jar
7fe85d306000-7fe85d318000 r--s 0012c000 08:01 21104230                   /home/wanghl/.m2/repository/org/apache/hadoop/hadoop-yarn-common/2.2.0/hadoop-yarn-common-2.2.0.jar
7fe85d318000-7fe85d330000 r--s 0014c000 08:01 21104228                   /home/wanghl/.m2/repository/org/apache/hadoop/hadoop-mapreduce-client-core/2.2.0/hadoop-mapreduce-client-core-2.2.0.jar
7fe85d330000-7fe85d341000 r--s 0010a000 08:01 21104226                   /home/wanghl/.m2/repository/org/apache/hadoop/hadoop-yarn-api/2.2.0/hadoop-yarn-api-2.2.0.jar
7fe85d341000-7fe85d343000 r--s 00004000 08:01 21104224                   /home/wanghl/.m2/repository/org/apache/hadoop/hadoop-mapreduce-client-shuffle/2.2.0/hadoop-mapreduce-client-shuffle-2.2.0.jar
7fe85d343000-7fe85d347000 r--s 00027000 08:01 21104222                   /home/wanghl/.m2/repository/org/apache/hadoop/hadoop-yarn-server-common/2.2.0/hadoop-yarn-server-common-2.2.0.jar
7fe85d347000-7fe85d349000 r--s 00000000 08:01 16911003                   /home/wanghl/.m2/repository/aopalliance/aopalliance/1.0/aopalliance-1.0.jar
7fe85d349000-7fe85d34a000 r--s 00000000 08:01 17696950                   /home/wanghl/.m2/repository/javax/inject/javax.inject/1/javax.inject-1.jar
7fe85d34a000-7fe85d359000 r--s 0009f000 08:01 17696938                   /home/wanghl/.m2/repository/com/google/inject/guice/3.0/guice-3.0.jar
7fe85d359000-7fe85d35c000 r--s 00015000 08:01 21104198                   /home/wanghl/.m2/repository/org/apache/hadoop/hadoop-yarn-client/2.2.0/hadoop-yarn-client-2.2.0.jar
7fe85d35c000-7fe85d368000 r--s 00095000 08:01 21104196                   /home/wanghl/.m2/repository/org/apache/hadoop/hadoop-mapreduce-client-common/2.2.0/hadoop-mapreduce-client-common-2.2.0.jar
7fe85d368000-7fe85d371000 r--s 0006d000 08:01 21104194                   /home/wanghl/.m2/repository/org/apache/hadoop/hadoop-mapreduce-client-app/2.2.0/hadoop-mapreduce-client-app-2.2.0.jar
7fe85d371000-7fe85d375000 r--s 00028000 08:01 17826387                   /home/wanghl/.m2/repository/org/mortbay/jetty/jetty-util/6.1.26/jetty-util-6.1.26.jar
7fe85d375000-7fe85d3ba000 r--s 004bb000 08:01 21104192                   /home/wanghl/.m2/repository/org/apache/hadoop/hadoop-hdfs/2.2.0/hadoop-hdfs-2.2.0.jar
7fe85d3ba000-7fe85d3be000 r--s 00014000 08:01 17696431                   /home/wanghl/.m2/repository/org/tukaani/xz/1.0/xz-1.0.jar
7fe85d3be000-7fe85d3c3000 r--s 00036000 08:01 17696429                   /home/wanghl/.m2/repository/org/apache/commons/commons-compress/1.4.1/commons-compress-1.4.1.jar
7fe85d3c3000-7fe85d3c5000 r--s 0000b000 08:01 21104190                   /home/wanghl/.m2/repository/org/apache/hadoop/hadoop-auth/2.2.0/hadoop-auth-2.2.0.jar
7fe85d3c5000-7fe85d3cd000 r--s 0007b000 08:01 17696411                   /home/wanghl/.m2/repository/com/google/protobuf/protobuf-java/2.5.0/protobuf-java-2.5.0.jar
7fe85d3cd000-7fe85d3d1000 r--s 0002f000 08:01 17696401                   /home/wanghl/.m2/repository/commons-beanutils/commons-beanutils-core/1.8.0/commons-beanutils-core-1.8.0.jar
7fe85d3d1000-7fe85d3d6000 r--s 0002a000 08:01 18089516                   /home/wanghl/.m2/repository/commons-beanutils/commons-beanutils/1.7.0/commons-beanutils-1.7.0.jar
7fe85d3d6000-7fe85d3da000 r--s 00020000 08:01 18087945                   /home/wanghl/.m2/repository/commons-digester/commons-digester/1.8/commons-digester-1.8.jar
7fe85d3da000-7fe85d3e8000 r--s 0007f000 08:01 16911370                   /home/wanghl/.m2/repository/commons-collections/commons-collections/3.2.1/commons-collections-3.2.1.jar
7fe85d3e8000-7fe85d3ee000 r--s 00043000 08:01 17696399                   /home/wanghl/.m2/repository/commons-configuration/commons-configuration/1.6/commons-configuration-1.6.jar
7fe85d3ee000-7fe85d3f3000 r--s 00040000 08:01 17304308                   /home/wanghl/.m2/repository/commons-lang/commons-lang/2.5/commons-lang-2.5.jar
7fe85d3f3000-7fe85d3f6000 r--s 00025000 08:01 17826929                   /home/wanghl/.m2/repository/commons-io/commons-io/2.1/commons-io-2.1.jar
7fe85d3f6000-7fe85d407000 r--s 000bb000 08:01 21104188                   /home/wanghl/.m2/repository/org/apache/commons/commons-math/2.1/commons-math-2.1.jar
7fe85d407000-7fe85d432000 r--s 00271000 08:01 21104186                   /home/wanghl/.m2/repository/org/apache/hadoop/hadoop-common/2.2.0/hadoop-common-2.2.0.jar
7fe85d432000-7fe85d509000 r--s 00a62000 08:01 29108180                   /home/wanghl/.m2/repository/org/apache/spark/spark-core_2.10/2.1.0/spark-core_2.10-2.1.0.jar
7fe85d509000-7fe85d50a000 ---p 00000000 00:00 0 
7fe85d50a000-7fe85d60a000 rw-p 00000000 00:00 0 
7fe85d60a000-7fe85d60d000 ---p 00000000 00:00 0 
7fe85d60d000-7fe85d70b000 rw-p 00000000 00:00 0 
7fe85d70b000-7fe85d70e000 ---p 00000000 00:00 0 
7fe85d70e000-7fe85d80c000 rw-p 00000000 00:00 0 
7fe85d80c000-7fe85d80f000 ---p 00000000 00:00 0 
7fe85d80f000-7fe85d90d000 rw-p 00000000 00:00 0 
7fe85d90d000-7fe85d910000 ---p 00000000 00:00 0 
7fe85d910000-7fe85da0e000 rw-p 00000000 00:00 0 
7fe85da0e000-7fe85da11000 ---p 00000000 00:00 0 
7fe85da11000-7fe85db0f000 rw-p 00000000 00:00 0 
7fe85db0f000-7fe85db12000 ---p 00000000 00:00 0 
7fe85db12000-7fe85dc10000 rw-p 00000000 00:00 0 
7fe85dc10000-7fe85dc13000 ---p 00000000 00:00 0 
7fe85dc13000-7fe85dd11000 rw-p 00000000 00:00 0 
7fe85dd11000-7fe85dd15000 r-xp 00000000 08:01 16910406                   /home/wanghl/java/jdk8/jre/lib/amd64/libdt_socket.so
7fe85dd15000-7fe85df14000 ---p 00004000 08:01 16910406                   /home/wanghl/java/jdk8/jre/lib/amd64/libdt_socket.so
7fe85df14000-7fe85df15000 rw-p 00003000 08:01 16910406                   /home/wanghl/java/jdk8/jre/lib/amd64/libdt_socket.so
7fe85df15000-7fe85df18000 ---p 00000000 00:00 0 
7fe85df18000-7fe85e016000 rw-p 00000000 00:00 0 
7fe85e016000-7fe85e019000 ---p 00000000 00:00 0 
7fe85e019000-7fe85e117000 rw-p 00000000 00:00 0 
7fe85e117000-7fe85e11a000 ---p 00000000 00:00 0 
7fe85e11a000-7fe85e218000 rw-p 00000000 00:00 0 
7fe85e218000-7fe85e219000 ---p 00000000 00:00 0 
7fe85e219000-7fe860000000 rw-p 00000000 00:00 0 
7fe860000000-7fe860021000 rw-p 00000000 00:00 0 
7fe860021000-7fe864000000 ---p 00000000 00:00 0 
7fe864000000-7fe864021000 rw-p 00000000 00:00 0 
7fe864021000-7fe868000000 ---p 00000000 00:00 0 
7fe868000000-7fe868021000 rw-p 00000000 00:00 0 
7fe868021000-7fe86c000000 ---p 00000000 00:00 0 
7fe86c000000-7fe86c001000 r--s 00003000 08:01 17696387                   /home/wanghl/.m2/repository/xmlenc/xmlenc/0.52/xmlenc-0.52.jar
7fe86c001000-7fe86c003000 r--s 00009000 08:01 18220848                   /home/wanghl/.m2/repository/commons-cli/commons-cli/1.2/commons-cli-1.2.jar
7fe86c003000-7fe86c004000 r--s 00000000 08:01 21104184                   /home/wanghl/.m2/repository/org/apache/hadoop/hadoop-client/2.2.0/hadoop-client-2.2.0.jar
7fe86c004000-7fe86c007000 r--s 00021000 08:01 21104497                   /home/wanghl/.m2/repository/org/apache/xbean/xbean-asm5-shaded/4.4/xbean-asm5-shaded-4.4.jar
7fe86c007000-7fe86c009000 r--s 0000b000 08:01 29108193                   /home/wanghl/.m2/repository/com/twitter/chill-java/0.8.0/chill-java-0.8.0.jar
7fe86c009000-7fe86c00b000 r--s 00009000 08:01 17826353                   /home/wanghl/.m2/repository/org/objenesis/objenesis/2.1/objenesis-2.1.jar
7fe86c00b000-7fe86c00c000 r--s 00001000 08:01 29366603                   /home/wanghl/.m2/repository/com/esotericsoftware/minlog/1.3.0/minlog-1.3.0.jar
7fe86c00c000-7fe86c013000 r--s 00051000 08:01 29108194                   /home/wanghl/.m2/repository/com/esotericsoftware/kryo-shaded/3.0.3/kryo-shaded-3.0.3.jar
7fe86c013000-7fe86c017000 r--s 00032000 08:01 29108195                   /home/wanghl/.m2/repository/com/twitter/chill_2.10/0.8.0/chill_2.10-0.8.0.jar
7fe86c017000-7fe86c025000 r--s 000b1000 08:01 17825930                   /home/wanghl/.m2/repository/org/codehaus/jackson/jackson-mapper-asl/1.9.13/jackson-mapper-asl-1.9.13.jar
7fe86c025000-7fe86c029000 r--s 00035000 08:01 17825928                   /home/wanghl/.m2/repository/org/codehaus/jackson/jackson-core-asl/1.9.13/jackson-core-asl-1.9.13.jar
7fe86c029000-7fe86c030000 r--s 0004e000 08:01 21104414                   /home/wanghl/.m2/repository/org/apache/avro/avro-ipc/1.7.7/avro-ipc-1.7.7-tests.jar
7fe86c030000-7fe86c039000 r--s 00062000 08:01 21104408                   /home/wanghl/.m2/repository/org/apache/avro/avro/1.7.7/avro-1.7.7.jar
7fe86c039000-7fe86c03e000 r--s 00028000 08:01 21104410                   /home/wanghl/.m2/repository/org/apache/avro/avro-mapred/1.7.7/avro-mapred-1.7.7-hadoop2.jar
7fe86c03e000-7fe86c051000 r--s 000d6000 08:01 16910587                   /home/wanghl/java/jdk8/jre/lib/plugin.jar
7fe86c051000-7fe86c06c000 r--s 00208000 08:01 16910472                   /home/wanghl/java/jdk8/jre/lib/deploy.jar
7fe86c06c000-7fe86c0f0000 rw-p 00000000 00:00 0 
7fe86c0f0000-7fe86c2c8000 r--s 03d1d000 08:01 16910359                   /home/wanghl/java/jdk8/jre/lib/rt.jar
7fe86c2c8000-7fe86c33e000 rw-p 00000000 00:00 0 
7fe86c33e000-7fe86c33f000 ---p 00000000 00:00 0 
7fe86c33f000-7fe86c43f000 rw-p 00000000 00:00 0 
7fe86c43f000-7fe86c440000 ---p 00000000 00:00 0 
7fe86c440000-7fe86c540000 rw-p 00000000 00:00 0 
7fe86c540000-7fe86c541000 ---p 00000000 00:00 0 
7fe86c541000-7fe86c668000 rw-p 00000000 00:00 0 
7fe86c668000-7fe86ca27000 ---p 00000000 00:00 0 
7fe86ca27000-7fe86ca4e000 rw-p 00000000 00:00 0 
7fe86ca4e000-7fe86ce0c000 ---p 00000000 00:00 0 
7fe86ce0c000-7fe86ceb3000 rw-p 00000000 00:00 0 
7fe86ceb3000-7fe86cfff000 ---p 00000000 00:00 0 
7fe86cfff000-7fe86d000000 rw-p 00000000 00:00 0 
7fe86d000000-7fe86d690000 rwxp 00000000 00:00 0 
7fe86d690000-7fe87c000000 ---p 00000000 00:00 0 
7fe87c000000-7fe87d4cd000 rw-p 00000000 00:00 0 
7fe87d4cd000-7fe880000000 ---p 00000000 00:00 0 
7fe880000000-7fe880004000 r--s 0002c000 08:01 21104412                   /home/wanghl/.m2/repository/org/apache/avro/avro-ipc/1.7.7/avro-ipc-1.7.7.jar
7fe880004000-7fe880074000 rw-p 00000000 00:00 0 
7fe880074000-7fe880075000 ---p 00000000 00:00 0 
7fe880075000-7fe880190000 rw-p 00000000 00:00 0 
7fe880190000-7fe880535000 ---p 00000000 00:00 0 
7fe880535000-7fe88054f000 r-xp 00000000 08:01 16910388                   /home/wanghl/java/jdk8/jre/lib/amd64/libzip.so
7fe88054f000-7fe88074f000 ---p 0001a000 08:01 16910388                   /home/wanghl/java/jdk8/jre/lib/amd64/libzip.so
7fe88074f000-7fe880750000 rw-p 0001a000 08:01 16910388                   /home/wanghl/java/jdk8/jre/lib/amd64/libzip.so
7fe880750000-7fe88075b000 r-xp 00000000 08:01 262456                     /lib/x86_64-linux-gnu/libnss_files-2.23.so
7fe88075b000-7fe88095a000 ---p 0000b000 08:01 262456                     /lib/x86_64-linux-gnu/libnss_files-2.23.so
7fe88095a000-7fe88095b000 r--p 0000a000 08:01 262456                     /lib/x86_64-linux-gnu/libnss_files-2.23.so
7fe88095b000-7fe88095c000 rw-p 0000b000 08:01 262456                     /lib/x86_64-linux-gnu/libnss_files-2.23.so
7fe88095c000-7fe880962000 rw-p 00000000 00:00 0 
7fe880962000-7fe88096d000 r-xp 00000000 08:01 262441                     /lib/x86_64-linux-gnu/libnss_nis-2.23.so
7fe88096d000-7fe880b6c000 ---p 0000b000 08:01 262441                     /lib/x86_64-linux-gnu/libnss_nis-2.23.so
7fe880b6c000-7fe880b6d000 r--p 0000a000 08:01 262441                     /lib/x86_64-linux-gnu/libnss_nis-2.23.so
7fe880b6d000-7fe880b6e000 rw-p 0000b000 08:01 262441                     /lib/x86_64-linux-gnu/libnss_nis-2.23.so
7fe880b6e000-7fe880b84000 r-xp 00000000 08:01 262452                     /lib/x86_64-linux-gnu/libnsl-2.23.so
7fe880b84000-7fe880d83000 ---p 00016000 08:01 262452                     /lib/x86_64-linux-gnu/libnsl-2.23.so
7fe880d83000-7fe880d84000 r--p 00015000 08:01 262452                     /lib/x86_64-linux-gnu/libnsl-2.23.so
7fe880d84000-7fe880d85000 rw-p 00016000 08:01 262452                     /lib/x86_64-linux-gnu/libnsl-2.23.so
7fe880d85000-7fe880d87000 rw-p 00000000 00:00 0 
7fe880d87000-7fe880d8f000 r-xp 00000000 08:01 262453                     /lib/x86_64-linux-gnu/libnss_compat-2.23.so
7fe880d8f000-7fe880f8e000 ---p 00008000 08:01 262453                     /lib/x86_64-linux-gnu/libnss_compat-2.23.so
7fe880f8e000-7fe880f8f000 r--p 00007000 08:01 262453                     /lib/x86_64-linux-gnu/libnss_compat-2.23.so
7fe880f8f000-7fe880f90000 rw-p 00008000 08:01 262453                     /lib/x86_64-linux-gnu/libnss_compat-2.23.so
7fe880f90000-7fe88141b000 r--p 00000000 08:01 43788265                   /usr/lib/locale/locale-archive
7fe88141b000-7fe88141d000 r-xp 00000000 08:01 16910396                   /home/wanghl/java/jdk8/jre/lib/amd64/libnpt.so
7fe88141d000-7fe88161d000 ---p 00002000 08:01 16910396                   /home/wanghl/java/jdk8/jre/lib/amd64/libnpt.so
7fe88161d000-7fe88161e000 rw-p 00002000 08:01 16910396                   /home/wanghl/java/jdk8/jre/lib/amd64/libnpt.so
7fe88161e000-7fe881657000 r-xp 00000000 08:01 16910364                   /home/wanghl/java/jdk8/jre/lib/amd64/libjdwp.so
7fe881657000-7fe881856000 ---p 00039000 08:01 16910364                   /home/wanghl/java/jdk8/jre/lib/amd64/libjdwp.so
7fe881856000-7fe881858000 rw-p 00038000 08:01 16910364                   /home/wanghl/java/jdk8/jre/lib/amd64/libjdwp.so
7fe881858000-7fe881882000 r-xp 00000000 08:01 16910414                   /home/wanghl/java/jdk8/jre/lib/amd64/libjava.so
7fe881882000-7fe881a82000 ---p 0002a000 08:01 16910414                   /home/wanghl/java/jdk8/jre/lib/amd64/libjava.so
7fe881a82000-7fe881a84000 rw-p 0002a000 08:01 16910414                   /home/wanghl/java/jdk8/jre/lib/amd64/libjava.so
7fe881a84000-7fe881a91000 r-xp 00000000 08:01 16910368                   /home/wanghl/java/jdk8/jre/lib/amd64/libverify.so
7fe881a91000-7fe881c91000 ---p 0000d000 08:01 16910368                   /home/wanghl/java/jdk8/jre/lib/amd64/libverify.so
7fe881c91000-7fe881c93000 rw-p 0000d000 08:01 16910368                   /home/wanghl/java/jdk8/jre/lib/amd64/libverify.so
7fe881c93000-7fe881c9a000 r-xp 00000000 08:01 262440                     /lib/x86_64-linux-gnu/librt-2.23.so
7fe881c9a000-7fe881e99000 ---p 00007000 08:01 262440                     /lib/x86_64-linux-gnu/librt-2.23.so
7fe881e99000-7fe881e9a000 r--p 00006000 08:01 262440                     /lib/x86_64-linux-gnu/librt-2.23.so
7fe881e9a000-7fe881e9b000 rw-p 00007000 08:01 262440                     /lib/x86_64-linux-gnu/librt-2.23.so
7fe881e9b000-7fe881fa3000 r-xp 00000000 08:01 262450                     /lib/x86_64-linux-gnu/libm-2.23.so
7fe881fa3000-7fe8821a2000 ---p 00108000 08:01 262450                     /lib/x86_64-linux-gnu/libm-2.23.so
7fe8821a2000-7fe8821a3000 r--p 00107000 08:01 262450                     /lib/x86_64-linux-gnu/libm-2.23.so
7fe8821a3000-7fe8821a4000 rw-p 00108000 08:01 262450                     /lib/x86_64-linux-gnu/libm-2.23.so
7fe8821a4000-7fe882e63000 r-xp 00000000 08:01 16910418                   /home/wanghl/java/jdk8/jre/lib/amd64/server/libjvm.so
7fe882e63000-7fe883062000 ---p 00cbf000 08:01 16910418                   /home/wanghl/java/jdk8/jre/lib/amd64/server/libjvm.so
7fe883062000-7fe88313b000 rw-p 00cbe000 08:01 16910418                   /home/wanghl/java/jdk8/jre/lib/amd64/server/libjvm.so
7fe88313b000-7fe883184000 rw-p 00000000 00:00 0 
7fe883184000-7fe883343000 r-xp 00000000 08:01 262445                     /lib/x86_64-linux-gnu/libc-2.23.so
7fe883343000-7fe883543000 ---p 001bf000 08:01 262445                     /lib/x86_64-linux-gnu/libc-2.23.so
7fe883543000-7fe883547000 r--p 001bf000 08:01 262445                     /lib/x86_64-linux-gnu/libc-2.23.so
7fe883547000-7fe883549000 rw-p 001c3000 08:01 262445                     /lib/x86_64-linux-gnu/libc-2.23.so
7fe883549000-7fe88354d000 rw-p 00000000 00:00 0 
7fe88354d000-7fe883550000 r-xp 00000000 08:01 262444                     /lib/x86_64-linux-gnu/libdl-2.23.so
7fe883550000-7fe88374f000 ---p 00003000 08:01 262444                     /lib/x86_64-linux-gnu/libdl-2.23.so
7fe88374f000-7fe883750000 r--p 00002000 08:01 262444                     /lib/x86_64-linux-gnu/libdl-2.23.so
7fe883750000-7fe883751000 rw-p 00003000 08:01 262444                     /lib/x86_64-linux-gnu/libdl-2.23.so
7fe883751000-7fe883766000 r-xp 00000000 08:01 16909502                   /home/wanghl/java/jdk8/lib/amd64/jli/libjli.so
7fe883766000-7fe883966000 ---p 00015000 08:01 16909502                   /home/wanghl/java/jdk8/lib/amd64/jli/libjli.so
7fe883966000-7fe883967000 rw-p 00015000 08:01 16909502                   /home/wanghl/java/jdk8/lib/amd64/jli/libjli.so
7fe883967000-7fe88397f000 r-xp 00000000 08:01 262451                     /lib/x86_64-linux-gnu/libpthread-2.23.so
7fe88397f000-7fe883b7e000 ---p 00018000 08:01 262451                     /lib/x86_64-linux-gnu/libpthread-2.23.so
7fe883b7e000-7fe883b7f000 r--p 00017000 08:01 262451                     /lib/x86_64-linux-gnu/libpthread-2.23.so
7fe883b7f000-7fe883b80000 rw-p 00018000 08:01 262451                     /lib/x86_64-linux-gnu/libpthread-2.23.so
7fe883b80000-7fe883b84000 rw-p 00000000 00:00 0 
7fe883b84000-7fe883baa000 r-xp 00000000 08:01 262374                     /lib/x86_64-linux-gnu/ld-2.23.so
7fe883baa000-7fe883bbc000 r--s 00345000 08:01 16910588                   /home/wanghl/java/jdk8/jre/lib/resources.jar
7fe883bbc000-7fe883bbd000 r--s 00000000 08:01 16910435                   /home/wanghl/java/jdk8/jre/lib/management-agent.jar
7fe883bbd000-7fe883bc1000 r--s 00097000 08:01 16910311                   /home/wanghl/java/jdk8/jre/lib/jsse.jar
7fe883bc1000-7fe883c7f000 rw-p 00000000 00:00 0 
7fe883c7f000-7fe883c82000 ---p 00000000 00:00 0 
7fe883c82000-7fe883d84000 rw-p 00000000 00:00 0 
7fe883d84000-7fe883d86000 r--s 00007000 08:01 16910429                   /home/wanghl/java/jdk8/jre/lib/jfxswt.jar
7fe883d86000-7fe883d8b000 r--s 00084000 08:01 16910463                   /home/wanghl/java/jdk8/jre/lib/jfr.jar
7fe883d8b000-7fe883d8e000 r--s 0001a000 08:01 16910618                   /home/wanghl/java/jdk8/jre/lib/jce.jar
7fe883d8e000-7fe883d97000 r--s 0006c000 08:01 16910471                   /home/wanghl/java/jdk8/jre/lib/javaws.jar
7fe883d97000-7fe883d9d000 r--s 002f8000 08:01 16910312                   /home/wanghl/java/jdk8/jre/lib/charsets.jar
7fe883d9d000-7fe883da5000 rw-s 00000000 08:01 34090902                   /tmp/hsperfdata_wanghl/12439
7fe883da5000-7fe883da6000 rw-p 00000000 00:00 0 
7fe883da6000-7fe883da7000 r--p 00000000 00:00 0 
7fe883da7000-7fe883da9000 rw-p 00000000 00:00 0 
7fe883da9000-7fe883daa000 r--p 00025000 08:01 262374                     /lib/x86_64-linux-gnu/ld-2.23.so
7fe883daa000-7fe883dab000 rw-p 00026000 08:01 262374                     /lib/x86_64-linux-gnu/ld-2.23.so
7fe883dab000-7fe883dac000 rw-p 00000000 00:00 0 
7fff078aa000-7fff078ce000 rw-p 00000000 00:00 0                          [stack]
7fff079a3000-7fff079a5000 r--p 00000000 00:00 0                          [vvar]
7fff079a5000-7fff079a7000 r-xp 00000000 00:00 0                          [vdso]
ffffffffff600000-ffffffffff601000 r-xp 00000000 00:00 0                  [vsyscall]

VM Arguments:
jvm_args: -agentlib:jdwp=transport=dt_socket,address=127.0.0.1:37618,suspend=y,server=n -Dfile.encoding=UTF-8 
java_command: AggregateTest
java_class_path (initial): /home/wanghl/java/jdk8/jre/lib/charsets.jar:/home/wanghl/java/jdk8/jre/lib/deploy.jar:/home/wanghl/java/jdk8/jre/lib/ext/cldrdata.jar:/home/wanghl/java/jdk8/jre/lib/ext/dnsns.jar:/home/wanghl/java/jdk8/jre/lib/ext/jaccess.jar:/home/wanghl/java/jdk8/jre/lib/ext/jfxrt.jar:/home/wanghl/java/jdk8/jre/lib/ext/localedata.jar:/home/wanghl/java/jdk8/jre/lib/ext/nashorn.jar:/home/wanghl/java/jdk8/jre/lib/ext/sunec.jar:/home/wanghl/java/jdk8/jre/lib/ext/sunjce_provider.jar:/home/wanghl/java/jdk8/jre/lib/ext/sunpkcs11.jar:/home/wanghl/java/jdk8/jre/lib/ext/zipfs.jar:/home/wanghl/java/jdk8/jre/lib/javaws.jar:/home/wanghl/java/jdk8/jre/lib/jce.jar:/home/wanghl/java/jdk8/jre/lib/jfr.jar:/home/wanghl/java/jdk8/jre/lib/jfxswt.jar:/home/wanghl/java/jdk8/jre/lib/jsse.jar:/home/wanghl/java/jdk8/jre/lib/management-agent.jar:/home/wanghl/java/jdk8/jre/lib/plugin.jar:/home/wanghl/java/jdk8/jre/lib/resources.jar:/home/wanghl/java/jdk8/jre/lib/rt.jar:/home/wanghl/IdeaProjects/learning-spark/ch04/target/classes:/home/wanghl/.m2/repository/org/apache/spark/spark-core_2.10/2.1.0/spark-core_2.10-2.1.0.jar:/home/wanghl/.m2/repository/org/apache/avro/avro-mapred/1.7.7/avro-mapred-1.7.7-hadoop2.jar:/home/wanghl/.m2/repository/org/apache/avro/avro-ipc/1.7.7/avro-ipc-1.7.7.jar:/home/wanghl/.m2/repository/org/apache/avro/avro/1.7.7/avro-1.7.7.jar:/home/wanghl/.m2/repository/org/apache/avro/avro-ipc/1.7.7/avro-ipc-1.7.7-tests.jar:/home/wanghl/.m2/repository/org/codehaus/jackson/jackson-core-asl/1.9.13/jackson-core-asl-1.9.13.jar:/home/wanghl/.m2/repository/org/codehaus/jackson/jackson-mapper-asl/1.9.13/jackson-mapper-asl-1.9.13.jar:/home/wanghl/.m2/repository/com/twitter/chill_2.10/0.8.0/chill_2.10-0.8.0.jar:/home/wanghl/.m2/repository/com/esotericsoftware/kryo-shaded/3.0.3/kryo-shaded-3.0.3.jar:/home/wanghl/.m2/repository/com/esotericsoftware/minlog/1.3.0/minlog-1.3.0.jar:/home/wanghl/.m2/repository/org/objenesis/objenesis/2.1/objenesis-2.1.jar:/home/wanghl/.m2/repositor
Launcher Type: SUN_STANDARD

Environment Variables:
JAVA_HOME=/home/wanghl/java/jdk8
JRE_HOME=/home/wanghl/java/jdk8/jre
CLASSPATH=.::/home/wanghl/java/jdk8/lib:/home/wanghl/java/jdk8/jre/lib
PATH=/home/wanghl/crate/bin:/home/wanghl/hadoop/hadoop-2.6.4/bin:/home/wanghl/hadoop/hadoop-2.6.4/sbin:/home/wanghl/hadoop/hbase-1.2.2/bin:/home/wanghl/hadoop/elasticsearch-2.3.3/bin:/home/wanghl/hadoop/elasticsearch-jdbc-2.3.3.1/bin:/home/wanghl/hadoop/kylin-1.5.2/bin:/home/wanghl/java/jdk8/bin:/home/wanghl/java/jdk8/jre/bin:/home/wanghl/scala-2.11.7/bin:/opt/spark-1.6.1/bin:/opt/spark-1.6.1/sbin:/usr/local/sbin:/usr/local/bin:/usr/sbin:/usr/bin:/sbin:/bin:/usr/games:/usr/local/games:/snap/bin:/opt/redis-3.2.4/src:logstash-5.0.0/bin:/opt/cassandra-3.9/bin
LD_LIBRARY_PATH=/home/wanghl/hadoop/hadoop-2.6.4/lib/native
SHELL=/bin/bash
DISPLAY=:0

Signal Handlers:
SIGSEGV: [libjvm.so+0xabb070], sa_mask[0]=11111111011111111101111111111110, sa_flags=SA_RESTART|SA_SIGINFO
SIGBUS: [libjvm.so+0xabb070], sa_mask[0]=11111111011111111101111111111110, sa_flags=SA_RESTART|SA_SIGINFO
SIGFPE: [libjvm.so+0x918480], sa_mask[0]=11111111011111111101111111111110, sa_flags=SA_RESTART|SA_SIGINFO
SIGPIPE: [libjvm.so+0x918480], sa_mask[0]=11111111011111111101111111111110, sa_flags=SA_RESTART|SA_SIGINFO
SIGXFSZ: [libjvm.so+0x918480], sa_mask[0]=11111111011111111101111111111110, sa_flags=SA_RESTART|SA_SIGINFO
SIGILL: [libjvm.so+0x918480], sa_mask[0]=11111111011111111101111111111110, sa_flags=SA_RESTART|SA_SIGINFO
SIGUSR1: SIG_DFL, sa_mask[0]=00000000000000000000000000000000, sa_flags=none
SIGUSR2: [libjvm.so+0x919ab0], sa_mask[0]=00100000000000000000000000000000, sa_flags=SA_RESTART|SA_SIGINFO
SIGHUP: [libjvm.so+0x91aeb0], sa_mask[0]=11111111011111111101111111111110, sa_flags=SA_RESTART|SA_SIGINFO
SIGINT: [libjvm.so+0x91aeb0], sa_mask[0]=11111111011111111101111111111110, sa_flags=SA_RESTART|SA_SIGINFO
SIGTERM: [libjvm.so+0x91aeb0], sa_mask[0]=11111111011111111101111111111110, sa_flags=SA_RESTART|SA_SIGINFO
SIGQUIT: [libjvm.so+0x91aeb0], sa_mask[0]=11111111011111111101111111111110, sa_flags=SA_RESTART|SA_SIGINFO


---------------  S Y S T E M  ---------------

OS:DISTRIB_ID=Ubuntu
DISTRIB_RELEASE=16.04
DISTRIB_CODENAME=xenial
DISTRIB_DESCRIPTION="Ubuntu 16.04.1 LTS"

uname:Linux 4.4.0-59-generic #80-Ubuntu SMP Fri Jan 6 17:47:47 UTC 2017 x86_64
libc:glibc 2.23 NPTL 2.23 
rlimit: STACK 8192k, CORE 0k, NPROC 47671, NOFILE 65536, AS infinity
load average:0.57 0.53 0.54

/proc/meminfo:
MemTotal:       12254072 kB
MemFree:          413492 kB
MemAvailable:    2243068 kB
Buffers:          150208 kB
Cached:          1560060 kB
SwapCached:       105880 kB
Active:          5946608 kB
Inactive:        1701284 kB
Active(anon):    5004576 kB
Inactive(anon):  1021944 kB
Active(file):     942032 kB
Inactive(file):   679340 kB
Unevictable:        1172 kB
Mlocked:            1172 kB
SwapTotal:       8337404 kB
SwapFree:        5450652 kB
Dirty:              5844 kB
Writeback:             0 kB
AnonPages:       5919104 kB
Mapped:          3759324 kB
Shmem:             88892 kB
Slab:             622360 kB
SReclaimable:     528252 kB
SUnreclaim:        94108 kB
KernelStack:       24384 kB
PageTables:       107128 kB
NFS_Unstable:          0 kB
Bounce:                0 kB
WritebackTmp:          0 kB
CommitLimit:    14464440 kB
Committed_AS:   23977584 kB
VmallocTotal:   34359738367 kB
VmallocUsed:           0 kB
VmallocChunk:          0 kB
HardwareCorrupted:     0 kB
AnonHugePages:   2265088 kB
CmaTotal:              0 kB
CmaFree:               0 kB
HugePages_Total:       0
HugePages_Free:        0
HugePages_Rsvd:        0
HugePages_Surp:        0
Hugepagesize:       2048 kB
DirectMap4k:      406880 kB
DirectMap2M:    12126208 kB
DirectMap1G:     1048576 kB


CPU:total 4 (4 cores per cpu, 1 threads per core) family 6 model 60 stepping 3, cmov, cx8, fxsr, mmx, sse, sse2, sse3, ssse3, sse4.1, sse4.2, popcnt, avx, avx2, aes, clmul, erms, lzcnt, tsc, tscinvbit, bmi1, bmi2

/proc/cpuinfo:
processor	: 0
vendor_id	: GenuineIntel
cpu family	: 6
model		: 60
model name	: Intel(R) Core(TM) i5-4460  CPU @ 3.20GHz
stepping	: 3
microcode	: 0x1d
cpu MHz		: 3206.375
cache size	: 6144 KB
physical id	: 0
siblings	: 4
core id		: 0
cpu cores	: 4
apicid		: 0
initial apicid	: 0
fpu		: yes
fpu_exception	: yes
cpuid level	: 13
wp		: yes
flags		: fpu vme de pse tsc msr pae mce cx8 apic sep mtrr pge mca cmov pat pse36 clflush dts acpi mmx fxsr sse sse2 ss ht tm pbe syscall nx pdpe1gb rdtscp lm constant_tsc arch_perfmon pebs bts rep_good nopl xtopology nonstop_tsc aperfmperf eagerfpu pni pclmulqdq dtes64 monitor ds_cpl vmx est tm2 ssse3 sdbg fma cx16 xtpr pdcm pcid sse4_1 sse4_2 x2apic movbe popcnt tsc_deadline_timer aes xsave avx f16c rdrand lahf_lm abm epb tpr_shadow vnmi flexpriority ept vpid fsgsbase tsc_adjust bmi1 avx2 smep bmi2 erms invpcid xsaveopt dtherm ida arat pln pts
bugs		:
bogomips	: 6385.31
clflush size	: 64
cache_alignment	: 64
address sizes	: 39 bits physical, 48 bits virtual
power management:

processor	: 1
vendor_id	: GenuineIntel
cpu family	: 6
model		: 60
model name	: Intel(R) Core(TM) i5-4460  CPU @ 3.20GHz
stepping	: 3
microcode	: 0x1d
cpu MHz		: 3206.750
cache size	: 6144 KB
physical id	: 0
siblings	: 4
core id		: 1
cpu cores	: 4
apicid		: 2
initial apicid	: 2
fpu		: yes
fpu_exception	: yes
cpuid level	: 13
wp		: yes
flags		: fpu vme de pse tsc msr pae mce cx8 apic sep mtrr pge mca cmov pat pse36 clflush dts acpi mmx fxsr sse sse2 ss ht tm pbe syscall nx pdpe1gb rdtscp lm constant_tsc arch_perfmon pebs bts rep_good nopl xtopology nonstop_tsc aperfmperf eagerfpu pni pclmulqdq dtes64 monitor ds_cpl vmx est tm2 ssse3 sdbg fma cx16 xtpr pdcm pcid sse4_1 sse4_2 x2apic movbe popcnt tsc_deadline_timer aes xsave avx f16c rdrand lahf_lm abm epb tpr_shadow vnmi flexpriority ept vpid fsgsbase tsc_adjust bmi1 avx2 smep bmi2 erms invpcid xsaveopt dtherm ida arat pln pts
bugs		:
bogomips	: 6385.31
clflush size	: 64
cache_alignment	: 64
address sizes	: 39 bits physical, 48 bits virtual
power management:

processor	: 2
vendor_id	: GenuineIntel
cpu family	: 6
model		: 60
model name	: Intel(R) Core(TM) i5-4460  CPU @ 3.20GHz
stepping	: 3
microcode	: 0x1d
cpu MHz		: 3199.875
cache size	: 6144 KB
physical id	: 0
siblings	: 4
core id		: 2
cpu cores	: 4
apicid		: 4
initial apicid	: 4
fpu		: yes
fpu_exception	: yes
cpuid level	: 13
wp		: yes
flags		: fpu vme de pse tsc msr pae mce cx8 apic sep mtrr pge mca cmov pat pse36 clflush dts acpi mmx fxsr sse sse2 ss ht tm pbe syscall nx pdpe1gb rdtscp lm constant_tsc arch_perfmon pebs bts rep_good nopl xtopology nonstop_tsc aperfmperf eagerfpu pni pclmulqdq dtes64 monitor ds_cpl vmx est tm2 ssse3 sdbg fma cx16 xtpr pdcm pcid sse4_1 sse4_2 x2apic movbe popcnt tsc_deadline_timer aes xsave avx f16c rdrand lahf_lm abm epb tpr_shadow vnmi flexpriority ept vpid fsgsbase tsc_adjust bmi1 avx2 smep bmi2 erms invpcid xsaveopt dtherm ida arat pln pts
bugs		:
bogomips	: 6385.31
clflush size	: 64
cache_alignment	: 64
address sizes	: 39 bits physical, 48 bits virtual
power management:

processor	: 3
vendor_id	: GenuineIntel
cpu family	: 6
model		: 60
model name	: Intel(R) Core(TM) i5-4460  CPU @ 3.20GHz
stepping	: 3
microcode	: 0x1d
cpu MHz		: 3200.000
cache size	: 6144 KB
physical id	: 0
siblings	: 4
core id		: 3
cpu cores	: 4
apicid		: 6
initial apicid	: 6
fpu		: yes
fpu_exception	: yes
cpuid level	: 13
wp		: yes
flags		: fpu vme de pse tsc msr pae mce cx8 apic sep mtrr pge mca cmov pat pse36 clflush dts acpi mmx fxsr sse sse2 ss ht tm pbe syscall nx pdpe1gb rdtscp lm constant_tsc arch_perfmon pebs bts rep_good nopl xtopology nonstop_tsc aperfmperf eagerfpu pni pclmulqdq dtes64 monitor ds_cpl vmx est tm2 ssse3 sdbg fma cx16 xtpr pdcm pcid sse4_1 sse4_2 x2apic movbe popcnt tsc_deadline_timer aes xsave avx f16c rdrand lahf_lm abm epb tpr_shadow vnmi flexpriority ept vpid fsgsbase tsc_adjust bmi1 avx2 smep bmi2 erms invpcid xsaveopt dtherm ida arat pln pts
bugs		:
bogomips	: 6385.31
clflush size	: 64
cache_alignment	: 64
address sizes	: 39 bits physical, 48 bits virtual
power management:



Memory: 4k page, physical 12254072k(413492k free), swap 8337404k(5450652k free)

vm_info: Java HotSpot(TM) 64-Bit Server VM (25.74-b02) for linux-amd64 JRE (1.8.0_74-b02), built on Jan 29 2016 19:20:56 by "java_re" with gcc 4.3.0 20080428 (Red Hat 4.3.0-8)

time: Mon Mar 13 17:51:17 2017
elapsed time: 974 seconds (0d 0h 16m 14s)

